<?xml version="1.0" encoding="UTF-8"?>
<testsuite xmlns:xsi="http://www.w3.org/2001/XMLSchema-instance" xsi:noNamespaceSchemaLocation="https://maven.apache.org/surefire/maven-surefire-plugin/xsd/surefire-test-report.xsd" version="3.0.2" name="eu.inqudium.limesium.reactive.logging.RequestLoggingWebFilterTest" time="0.048" tests="17" errors="0" skipped="0" failures="0" flakes="0">
  <properties>
[...]
</properties>
  <testcase name="should announce the exchange before the chain when enabled" classname="eu.inqudium.limesium.reactive.logging.RequestLoggingWebFilterTest$Exclusions and start line" time="0.003">
    <system-out><![CDATA[2026-08-25 21:23:21.561 INFO  [main] http-exchange-reactive-core-test - Endpoint http exchange started GET /api/things [endpoint_request_id=generated-42] endpoint_request_method=GET endpoint_url_path=/api/things [endpoint_method=GET, endpoint_request_id=generated-42, endpoint_route=/api/things]
2026-08-25 21:23:21.561 INFO  [main] http-exchange-reactive-core-test - Endpoint http exchange GET /api/things -> 200 [endpoint_request_id=generated-42] endpoint_outcome=success endpoint_duration_ms=0 endpoint_request_method=GET endpoint_url_path=/api/things endpoint_response_status_code=200 [endpoint_method=GET, endpoint_request_id=generated-42, endpoint_route=/api/things]
]]></system-out>
  </testcase>
  <testcase name="should be active only for endpoints matching an include pattern" classname="eu.inqudium.limesium.reactive.logging.RequestLoggingWebFilterTest$Exclusions and start line" time="0.004">
    <system-out><![CDATA[2026-08-25 21:23:21.566 INFO  [main] http-exchange-reactive-core-test - Endpoint http exchange GET /api/things -> 200 [endpoint_request_id=generated-42] endpoint_outcome=success endpoint_duration_ms=0 endpoint_request_method=GET endpoint_url_path=/api/things endpoint_response_status_code=200 [endpoint_method=GET, endpoint_request_id=generated-42, endpoint_route=/api/things]
]]></system-out>
  </testcase>
  <testcase name="should not log an excluded path at all" classname="eu.inqudium.limesium.reactive.logging.RequestLoggingWebFilterTest$Exclusions and start line" time="0.001"/>
  <testcase name="should match activation on the raw request path exactly as the WebFlux router does" classname="eu.inqudium.limesium.reactive.logging.RequestLoggingWebFilterTest$Exclusions and start line" time="0.002">
    <system-out><![CDATA[2026-08-25 21:23:21.570 INFO  [main] http-exchange-reactive-core-test - Endpoint http exchange GET /%61pi/things -> 200 [endpoint_request_id=generated-42] endpoint_outcome=success endpoint_duration_ms=0 endpoint_request_method=GET endpoint_url_path=/%61pi/things endpoint_response_status_code=200 [endpoint_method=GET, endpoint_request_id=generated-42, endpoint_route=/%61pi/things]
]]></system-out>
  </testcase>
  <testcase name="should let an exclude win inside an included pattern" classname="eu.inqudium.limesium.reactive.logging.RequestLoggingWebFilterTest$Exclusions and start line" time="0.001"/>
  <testcase name="should reject an invalid include pattern at construction time" classname="eu.inqudium.limesium.reactive.logging.RequestLoggingWebFilterTest$Exclusions and start line" time="0.002"/>
  <testcase name="should defer the error emission until the response commits with the rendered status" classname="eu.inqudium.limesium.reactive.logging.RequestLoggingWebFilterTest$Levels and outcomes" time="0.008">
    <system-out><![CDATA[2026-08-25 21:23:21.582 WARN  [main] e.i.l.r.l.RequestLoggingWebFilter - Endpoint http exchange failed: GET /api/things - java.lang.IllegalStateException: boom [endpoint_request_id=generated-42]  []
2026-08-25 21:23:21.583 ERROR [main] http-exchange-reactive-core-test - Endpoint http exchange GET /api/things -> 500 [endpoint_request_id=generated-42] endpoint_outcome=failure endpoint_duration_ms=0 endpoint_request_method=GET endpoint_url_path=/api/things endpoint_response_status_code=500 [endpoint_method=GET, endpoint_request_id=generated-42, endpoint_route=/api/things]
java.lang.IllegalStateException: boom
	at eu.inqudium.limesium.reactive.logging.RequestLoggingWebFilterTest$Levels and outcomes.should defer the error emission until the response commits with the rendered status(RequestLoggingWebFilterTest.kt:300)
	at java.base/jdk.internal.reflect.DirectMethodHandleAccessor.invoke(DirectMethodHandleAccessor.java:104)
	at java.base/java.lang.reflect.Method.invoke(Method.java:565)
	at org.junit.platform.commons.util.ReflectionUtils.invokeMethod(ReflectionUtils.java:700)
	at org.junit.platform.commons.support.ReflectionSupport.invokeMethod(ReflectionSupport.java:528)
	at org.junit.jupiter.engine.support.MethodReflectionUtils.invoke(MethodReflectionUtils.java:53)
	at org.junit.jupiter.engine.execution.MethodInvocation.proceed(MethodInvocation.java:61)
	at org.junit.jupiter.engine.execution.InvocationInterceptorChain$ValidatingInvocation.proceed(InvocationInterceptorChain.java:124)
	at org.junit.jupiter.engine.extension.TimeoutExtension.intercept(TimeoutExtension.java:163)
	at org.junit.jupiter.engine.extension.TimeoutExtension.interceptTestableMethod(TimeoutExtension.java:148)
	at org.junit.jupiter.engine.extension.TimeoutExtension.interceptTestMethod(TimeoutExtension.java:86)
	at org.junit.jupiter.engine.execution.InterceptingExecutableInvoker$ReflectiveInterceptorCall.lambda$ofVoidMethod$0(InterceptingExecutableInvoker.java:124)
	at org.junit.jupiter.engine.execution.InterceptingExecutableInvoker.lambda$invoke$0(InterceptingExecutableInvoker.java:105)
	at org.junit.jupiter.engine.execution.InvocationInterceptorChain$InterceptedInvocation.proceed(InvocationInterceptorChain.java:99)
	at org.junit.jupiter.engine.execution.InvocationInterceptorChain.proceed(InvocationInterceptorChain.java:66)
	at org.junit.jupiter.engine.execution.InvocationInterceptorChain.chainAndInvoke(InvocationInterceptorChain.java:47)
	at org.junit.jupiter.engine.execution.InvocationInterceptorChain.invoke(InvocationInterceptorChain.java:39)
	at org.junit.jupiter.engine.execution.InterceptingExecutableInvoker.invoke(InterceptingExecutableInvoker.java:104)
	at org.junit.jupiter.engine.execution.InterceptingExecutableInvoker.invoke(InterceptingExecutableInvoker.java:98)
	at org.junit.jupiter.engine.execution.InterceptingExecutableInvoker.invokeVoid(InterceptingExecutableInvoker.java:71)
	at org.junit.jupiter.engine.descriptor.TestMethodTestDescriptor.lambda$invokeTestMethod$0(TestMethodTestDescriptor.java:219)
	at org.junit.platform.engine.support.hierarchical.ThrowableCollector.execute(ThrowableCollector.java:74)
	at org.junit.jupiter.engine.descriptor.TestMethodTestDescriptor.invokeTestMethod(TestMethodTestDescriptor.java:215)
	at org.junit.jupiter.engine.descriptor.TestMethodTestDescriptor.execute(TestMethodTestDescriptor.java:157)
	at org.junit.jupiter.engine.descriptor.TestMethodTestDescriptor.execute(TestMethodTestDescriptor.java:70)
	at org.junit.platform.engine.support.hierarchical.NodeTestTask.lambda$executeRecursively$2(NodeTestTask.java:176)
	at org.junit.platform.engine.support.hierarchical.ThrowableCollector.execute(ThrowableCollector.java:74)
	at org.junit.platform.engine.support.hierarchical.NodeTestTask.lambda$executeRecursively$1(NodeTestTask.java:166)
	at org.junit.platform.engine.support.hierarchical.Node.around(Node.java:139)
	at org.junit.platform.engine.support.hierarchical.NodeTestTask.lambda$executeRecursively$0(NodeTestTask.java:164)
	at org.junit.platform.engine.support.hierarchical.ThrowableCollector.execute(ThrowableCollector.java:74)
	at org.junit.platform.engine.support.hierarchical.NodeTestTask.executeRecursively(NodeTestTask.java:163)
	at org.junit.platform.engine.support.hierarchical.NodeTestTask.execute(NodeTestTask.java:116)
	at java.base/java.util.ArrayList.forEach(ArrayList.java:1612)
	at org.junit.platform.engine.support.hierarchical.SameThreadHierarchicalTestExecutorService.invokeAll(SameThreadHierarchicalTestExecutorService.java:42)
	at org.junit.platform.engine.support.hierarchical.NodeTestTask.lambda$executeRecursively$2(NodeTestTask.java:180)
	at org.junit.platform.engine.support.hierarchical.ThrowableCollector.execute(ThrowableCollector.java:74)
	at org.junit.platform.engine.support.hierarchical.NodeTestTask.lambda$executeRecursively$1(NodeTestTask.java:166)
	at org.junit.platform.engine.support.hierarchical.Node.around(Node.java:139)
	at org.junit.platform.engine.support.hierarchical.NodeTestTask.lambda$executeRecursively$0(NodeTestTask.java:164)
	at org.junit.platform.engine.support.hierarchical.ThrowableCollector.execute(ThrowableCollector.java:74)
	at org.junit.platform.engine.support.hierarchical.NodeTestTask.executeRecursively(NodeTestTask.java:163)
	at org.junit.platform.engine.support.hierarchical.NodeTestTask.execute(NodeTestTask.java:116)
	at java.base/java.util.ArrayList.forEach(ArrayList.java:1612)
	at org.junit.platform.engine.support.hierarchical.SameThreadHierarchicalTestExecutorService.invokeAll(SameThreadHierarchicalTestExecutorService.java:42)
	at org.junit.platform.engine.support.hierarchical.NodeTestTask.lambda$executeRecursively$2(NodeTestTask.java:180)
	at org.junit.platform.engine.support.hierarchical.ThrowableCollector.execute(ThrowableCollector.java:74)
	at org.junit.platform.engine.support.hierarchical.NodeTestTask.lambda$executeRecursively$1(NodeTestTask.java:166)
	at org.junit.platform.engine.support.hierarchical.Node.around(Node.java:139)
	at org.junit.platform.engine.support.hierarchical.NodeTestTask.lambda$executeRecursively$0(NodeTestTask.java:164)
	at org.junit.platform.engine.support.hierarchical.ThrowableCollector.execute(ThrowableCollector.java:74)
	at org.junit.platform.engine.support.hierarchical.NodeTestTask.executeRecursively(NodeTestTask.java:163)
	at org.junit.platform.engine.support.hierarchical.NodeTestTask.execute(NodeTestTask.java:116)
	at java.base/java.util.ArrayList.forEach(ArrayList.java:1612)
	at org.junit.platform.engine.support.hierarchical.SameThreadHierarchicalTestExecutorService.invokeAll(SameThreadHierarchicalTestExecutorService.java:42)
	at org.junit.platform.engine.support.hierarchical.NodeTestTask.lambda$executeRecursively$2(NodeTestTask.java:180)
	at org.junit.platform.engine.support.hierarchical.ThrowableCollector.execute(ThrowableCollector.java:74)
	at org.junit.platform.engine.support.hierarchical.NodeTestTask.lambda$executeRecursively$1(NodeTestTask.java:166)
	at org.junit.platform.engine.support.hierarchical.Node.around(Node.java:139)
	at org.junit.platform.engine.support.hierarchical.NodeTestTask.lambda$executeRecursively$0(NodeTestTask.java:164)
	at org.junit.platform.engine.support.hierarchical.ThrowableCollector.execute(ThrowableCollector.java:74)
	at org.junit.platform.engine.support.hierarchical.NodeTestTask.executeRecursively(NodeTestTask.java:163)
	at org.junit.platform.engine.support.hierarchical.NodeTestTask.execute(NodeTestTask.java:116)
	at org.junit.platform.engine.support.hierarchical.SameThreadHierarchicalTestExecutorService.submit(SameThreadHierarchicalTestExecutorService.java:36)
	at org.junit.platform.engine.support.hierarchical.HierarchicalTestExecutor.execute(HierarchicalTestExecutor.java:52)
	at org.junit.platform.engine.support.hierarchical.HierarchicalTestEngine.execute(HierarchicalTestEngine.java:58)
	at org.junit.platform.launcher.core.EngineExecutionOrchestrator.executeEngine(EngineExecutionOrchestrator.java:256)
	at org.junit.platform.launcher.core.EngineExecutionOrchestrator.failOrExecuteEngine(EngineExecutionOrchestrator.java:228)
	at org.junit.platform.launcher.core.EngineExecutionOrchestrator.execute(EngineExecutionOrchestrator.java:189)
	at org.junit.platform.launcher.core.EngineExecutionOrchestrator.execute(EngineExecutionOrchestrator.java:109)
	at org.junit.platform.launcher.core.EngineExecutionOrchestrator.lambda$execute$0(EngineExecutionOrchestrator.java:66)
	at org.junit.platform.launcher.core.EngineExecutionOrchestrator.withInterceptedStreams(EngineExecutionOrchestrator.java:168)
	at org.junit.platform.launcher.core.EngineExecutionOrchestrator.execute(EngineExecutionOrchestrator.java:65)
	at org.junit.platform.launcher.core.DefaultLauncher.execute(DefaultLauncher.java:137)
	at org.junit.platform.launcher.core.DefaultLauncher.execute(DefaultLauncher.java:126)
	at org.junit.platform.launcher.core.DelegatingLauncher.execute(DelegatingLauncher.java:71)
	at org.junit.platform.launcher.core.InterceptingLauncher.lambda$execute$2(InterceptingLauncher.java:66)
	at org.junit.platform.launcher.core.ClasspathAlignmentCheckingLauncherInterceptor.intercept(ClasspathAlignmentCheckingLauncherInterceptor.java:25)
	at org.junit.platform.launcher.core.InterceptingLauncher.execute(InterceptingLauncher.java:65)
	at org.junit.platform.launcher.core.DelegatingLauncher.execute(DelegatingLauncher.java:71)
	at java.base/jdk.internal.reflect.DirectMethodHandleAccessor.invoke(DirectMethodHandleAccessor.java:104)
	at java.base/java.lang.reflect.Method.invoke(Method.java:565)
	at org.apache.maven.surefire.api.util.ReflectionUtils.invokeMethodWithArray(ReflectionUtils.java:125)
	at org.apache.maven.surefire.junitplatform.LauncherAdapter.executeWithCancellationToken(LauncherAdapter.java:68)
	at org.apache.maven.surefire.junitplatform.LauncherAdapter.execute(LauncherAdapter.java:54)
	at org.apache.maven.surefire.junitplatform.JUnitPlatformProvider.execute(JUnitPlatformProvider.java:203)
	at org.apache.maven.surefire.junitplatform.JUnitPlatformProvider.invokeAllTests(JUnitPlatformProvider.java:168)
	at org.apache.maven.surefire.junitplatform.JUnitPlatformProvider.invoke(JUnitPlatformProvider.java:136)
	at org.apache.maven.surefire.booter.ForkedBooter.runSuitesInProcess(ForkedBooter.java:385)
	at org.apache.maven.surefire.booter.ForkedBooter.execute(ForkedBooter.java:162)
	at org.apache.maven.surefire.booter.ForkedBooter.run(ForkedBooter.java:507)
	at org.apache.maven.surefire.booter.ForkedBooter.main(ForkedBooter.java:495)
]]></system-out>
  </testcase>
  <testcase name="should escalate to WARN and flag a slow but successful exchange" classname="eu.inqudium.limesium.reactive.logging.RequestLoggingWebFilterTest$Levels and outcomes" time="0.001">
    <system-out><![CDATA[2026-08-25 21:23:21.585 WARN  [main] http-exchange-reactive-core-test - Endpoint http exchange GET /api/slow -> 200 [endpoint_request_id=generated-42] endpoint_outcome=success endpoint_duration_ms=200 endpoint_request_method=GET endpoint_url_path=/api/slow endpoint_response_status_code=200 endpoint_slow=true [endpoint_method=GET, endpoint_request_id=generated-42, endpoint_route=/api/slow]
]]></system-out>
  </testcase>
  <testcase name="should observe status and header mutations of later commit actions on the deferred error path" classname="eu.inqudium.limesium.reactive.logging.RequestLoggingWebFilterTest$Levels and outcomes" time="0.002">
    <system-out><![CDATA[2026-08-25 21:23:21.587 WARN  [main] i.m.core.instrument.MeterRegistry - This Gauge has been already registered (MeterId{name='endpoint.logging.exchanges.open', tags=[]}), the registration will be ignored. Note that subsequent logs will be logged at debug level.  []
2026-08-25 21:23:21.587 WARN  [main] e.i.l.r.l.RequestLoggingWebFilter - Endpoint http exchange failed: GET /api/things - java.lang.IllegalStateException: boom [endpoint_request_id=generated-42]  []
2026-08-25 21:23:21.587 ERROR [main] http-exchange-reactive-core-test - Endpoint http exchange GET /api/things -> 503 [endpoint_request_id=generated-42] endpoint_outcome=failure endpoint_duration_ms=0 endpoint_request_method=GET endpoint_url_path=/api/things endpoint_response_status_code=503 endpoint_response_headers=[X-Late:"late"] [endpoint_method=GET, endpoint_request_id=generated-42, endpoint_route=/api/things]
java.lang.IllegalStateException: boom
	at eu.inqudium.limesium.reactive.logging.RequestLoggingWebFilterTest$Levels and outcomes.should_observe_status_and_header_mutations_of_later_commit_actions_on_the_deferred_error_path$lambda$2(RequestLoggingWebFilterTest.kt:355)
	at eu.inqudium.limesium.reactive.logging.RequestLoggingWebFilter.filter$lambda$0(RequestLoggingWebFilter.kt:77)
	at reactor.core.publisher.MonoDefer.subscribe(MonoDefer.java:46)
	at reactor.core.publisher.Mono.subscribe(Mono.java:4569)
	at reactor.core.publisher.Mono.block(Mono.java:1772)
	at eu.inqudium.limesium.reactive.logging.RequestLoggingWebFilterTest$Levels and outcomes.should_observe_status_and_header_mutations_of_later_commit_actions_on_the_deferred_error_path$lambda$3(RequestLoggingWebFilterTest.kt:357)
	at org.assertj.core.api.ThrowableAssert.catchThrowable(ThrowableAssert.java:66)
	at org.assertj.core.api.AssertionsForClassTypes.catchThrowable(AssertionsForClassTypes.java:908)
	at org.assertj.core.api.Assertions.catchThrowable(Assertions.java:1476)
	at eu.inqudium.limesium.reactive.logging.RequestLoggingWebFilterTest$Levels and outcomes.should observe status and header mutations of later commit actions on the deferred error path(RequestLoggingWebFilterTest.kt:357)
	at java.base/jdk.internal.reflect.DirectMethodHandleAccessor.invoke(DirectMethodHandleAccessor.java:104)
	at java.base/java.lang.reflect.Method.invoke(Method.java:565)
	at org.junit.platform.commons.util.ReflectionUtils.invokeMethod(ReflectionUtils.java:700)
	at org.junit.platform.commons.support.ReflectionSupport.invokeMethod(ReflectionSupport.java:528)
	at org.junit.jupiter.engine.support.MethodReflectionUtils.invoke(MethodReflectionUtils.java:53)
	at org.junit.jupiter.engine.execution.MethodInvocation.proceed(MethodInvocation.java:61)
	at org.junit.jupiter.engine.execution.InvocationInterceptorChain$ValidatingInvocation.proceed(InvocationInterceptorChain.java:124)
	at org.junit.jupiter.engine.extension.TimeoutExtension.intercept(TimeoutExtension.java:163)
	at org.junit.jupiter.engine.extension.TimeoutExtension.interceptTestableMethod(TimeoutExtension.java:148)
	at org.junit.jupiter.engine.extension.TimeoutExtension.interceptTestMethod(TimeoutExtension.java:86)
	at org.junit.jupiter.engine.execution.InterceptingExecutableInvoker$ReflectiveInterceptorCall.lambda$ofVoidMethod$0(InterceptingExecutableInvoker.java:124)
	at org.junit.jupiter.engine.execution.InterceptingExecutableInvoker.lambda$invoke$0(InterceptingExecutableInvoker.java:105)
	at org.junit.jupiter.engine.execution.InvocationInterceptorChain$InterceptedInvocation.proceed(InvocationInterceptorChain.java:99)
	at org.junit.jupiter.engine.execution.InvocationInterceptorChain.proceed(InvocationInterceptorChain.java:66)
	at org.junit.jupiter.engine.execution.InvocationInterceptorChain.chainAndInvoke(InvocationInterceptorChain.java:47)
	at org.junit.jupiter.engine.execution.InvocationInterceptorChain.invoke(InvocationInterceptorChain.java:39)
	at org.junit.jupiter.engine.execution.InterceptingExecutableInvoker.invoke(InterceptingExecutableInvoker.java:104)
	at org.junit.jupiter.engine.execution.InterceptingExecutableInvoker.invoke(InterceptingExecutableInvoker.java:98)
	at org.junit.jupiter.engine.execution.InterceptingExecutableInvoker.invokeVoid(InterceptingExecutableInvoker.java:71)
	at org.junit.jupiter.engine.descriptor.TestMethodTestDescriptor.lambda$invokeTestMethod$0(TestMethodTestDescriptor.java:219)
	at org.junit.platform.engine.support.hierarchical.ThrowableCollector.execute(ThrowableCollector.java:74)
	at org.junit.jupiter.engine.descriptor.TestMethodTestDescriptor.invokeTestMethod(TestMethodTestDescriptor.java:215)
	at org.junit.jupiter.engine.descriptor.TestMethodTestDescriptor.execute(TestMethodTestDescriptor.java:157)
	at org.junit.jupiter.engine.descriptor.TestMethodTestDescriptor.execute(TestMethodTestDescriptor.java:70)
	at org.junit.platform.engine.support.hierarchical.NodeTestTask.lambda$executeRecursively$2(NodeTestTask.java:176)
	at org.junit.platform.engine.support.hierarchical.ThrowableCollector.execute(ThrowableCollector.java:74)
	at org.junit.platform.engine.support.hierarchical.NodeTestTask.lambda$executeRecursively$1(NodeTestTask.java:166)
	at org.junit.platform.engine.support.hierarchical.Node.around(Node.java:139)
	at org.junit.platform.engine.support.hierarchical.NodeTestTask.lambda$executeRecursively$0(NodeTestTask.java:164)
	at org.junit.platform.engine.support.hierarchical.ThrowableCollector.execute(ThrowableCollector.java:74)
	at org.junit.platform.engine.support.hierarchical.NodeTestTask.executeRecursively(NodeTestTask.java:163)
	at org.junit.platform.engine.support.hierarchical.NodeTestTask.execute(NodeTestTask.java:116)
	at java.base/java.util.ArrayList.forEach(ArrayList.java:1612)
	at org.junit.platform.engine.support.hierarchical.SameThreadHierarchicalTestExecutorService.invokeAll(SameThreadHierarchicalTestExecutorService.java:42)
	at org.junit.platform.engine.support.hierarchical.NodeTestTask.lambda$executeRecursively$2(NodeTestTask.java:180)
	at org.junit.platform.engine.support.hierarchical.ThrowableCollector.execute(ThrowableCollector.java:74)
	at org.junit.platform.engine.support.hierarchical.NodeTestTask.lambda$executeRecursively$1(NodeTestTask.java:166)
	at org.junit.platform.engine.support.hierarchical.Node.around(Node.java:139)
	at org.junit.platform.engine.support.hierarchical.NodeTestTask.lambda$executeRecursively$0(NodeTestTask.java:164)
	at org.junit.platform.engine.support.hierarchical.ThrowableCollector.execute(ThrowableCollector.java:74)
	at org.junit.platform.engine.support.hierarchical.NodeTestTask.executeRecursively(NodeTestTask.java:163)
	at org.junit.platform.engine.support.hierarchical.NodeTestTask.execute(NodeTestTask.java:116)
	at java.base/java.util.ArrayList.forEach(ArrayList.java:1612)
	at org.junit.platform.engine.support.hierarchical.SameThreadHierarchicalTestExecutorService.invokeAll(SameThreadHierarchicalTestExecutorService.java:42)
	at org.junit.platform.engine.support.hierarchical.NodeTestTask.lambda$executeRecursively$2(NodeTestTask.java:180)
	at org.junit.platform.engine.support.hierarchical.ThrowableCollector.execute(ThrowableCollector.java:74)
	at org.junit.platform.engine.support.hierarchical.NodeTestTask.lambda$executeRecursively$1(NodeTestTask.java:166)
	at org.junit.platform.engine.support.hierarchical.Node.around(Node.java:139)
	at org.junit.platform.engine.support.hierarchical.NodeTestTask.lambda$executeRecursively$0(NodeTestTask.java:164)
	at org.junit.platform.engine.support.hierarchical.ThrowableCollector.execute(ThrowableCollector.java:74)
	at org.junit.platform.engine.support.hierarchical.NodeTestTask.executeRecursively(NodeTestTask.java:163)
	at org.junit.platform.engine.support.hierarchical.NodeTestTask.execute(NodeTestTask.java:116)
	at java.base/java.util.ArrayList.forEach(ArrayList.java:1612)
	at org.junit.platform.engine.support.hierarchical.SameThreadHierarchicalTestExecutorService.invokeAll(SameThreadHierarchicalTestExecutorService.java:42)
	at org.junit.platform.engine.support.hierarchical.NodeTestTask.lambda$executeRecursively$2(NodeTestTask.java:180)
	at org.junit.platform.engine.support.hierarchical.ThrowableCollector.execute(ThrowableCollector.java:74)
	at org.junit.platform.engine.support.hierarchical.NodeTestTask.lambda$executeRecursively$1(NodeTestTask.java:166)
	at org.junit.platform.engine.support.hierarchical.Node.around(Node.java:139)
	at org.junit.platform.engine.support.hierarchical.NodeTestTask.lambda$executeRecursively$0(NodeTestTask.java:164)
	at org.junit.platform.engine.support.hierarchical.ThrowableCollector.execute(ThrowableCollector.java:74)
	at org.junit.platform.engine.support.hierarchical.NodeTestTask.executeRecursively(NodeTestTask.java:163)
	at org.junit.platform.engine.support.hierarchical.NodeTestTask.execute(NodeTestTask.java:116)
	at org.junit.platform.engine.support.hierarchical.SameThreadHierarchicalTestExecutorService.submit(SameThreadHierarchicalTestExecutorService.java:36)
	at org.junit.platform.engine.support.hierarchical.HierarchicalTestExecutor.execute(HierarchicalTestExecutor.java:52)
	at org.junit.platform.engine.support.hierarchical.HierarchicalTestEngine.execute(HierarchicalTestEngine.java:58)
	at org.junit.platform.launcher.core.EngineExecutionOrchestrator.executeEngine(EngineExecutionOrchestrator.java:256)
	at org.junit.platform.launcher.core.EngineExecutionOrchestrator.failOrExecuteEngine(EngineExecutionOrchestrator.java:228)
	at org.junit.platform.launcher.core.EngineExecutionOrchestrator.execute(EngineExecutionOrchestrator.java:189)
	at org.junit.platform.launcher.core.EngineExecutionOrchestrator.execute(EngineExecutionOrchestrator.java:109)
	at org.junit.platform.launcher.core.EngineExecutionOrchestrator.lambda$execute$0(EngineExecutionOrchestrator.java:66)
	at org.junit.platform.launcher.core.EngineExecutionOrchestrator.withInterceptedStreams(EngineExecutionOrchestrator.java:168)
	at org.junit.platform.launcher.core.EngineExecutionOrchestrator.execute(EngineExecutionOrchestrator.java:65)
	at org.junit.platform.launcher.core.DefaultLauncher.execute(DefaultLauncher.java:137)
	at org.junit.platform.launcher.core.DefaultLauncher.execute(DefaultLauncher.java:126)
	at org.junit.platform.launcher.core.DelegatingLauncher.execute(DelegatingLauncher.java:71)
	at org.junit.platform.launcher.core.InterceptingLauncher.lambda$execute$2(InterceptingLauncher.java:66)
	at org.junit.platform.launcher.core.ClasspathAlignmentCheckingLauncherInterceptor.intercept(ClasspathAlignmentCheckingLauncherInterceptor.java:25)
	at org.junit.platform.launcher.core.InterceptingLauncher.execute(InterceptingLauncher.java:65)
	at org.junit.platform.launcher.core.DelegatingLauncher.execute(DelegatingLauncher.java:71)
	at java.base/jdk.internal.reflect.DirectMethodHandleAccessor.invoke(DirectMethodHandleAccessor.java:104)
	at java.base/java.lang.reflect.Method.invoke(Method.java:565)
	at org.apache.maven.surefire.api.util.ReflectionUtils.invokeMethodWithArray(ReflectionUtils.java:125)
	at org.apache.maven.surefire.junitplatform.LauncherAdapter.executeWithCancellationToken(LauncherAdapter.java:68)
	at org.apache.maven.surefire.junitplatform.LauncherAdapter.execute(LauncherAdapter.java:54)
	at org.apache.maven.surefire.junitplatform.JUnitPlatformProvider.execute(JUnitPlatformProvider.java:203)
	at org.apache.maven.surefire.junitplatform.JUnitPlatformProvider.invokeAllTests(JUnitPlatformProvider.java:168)
	at org.apache.maven.surefire.junitplatform.JUnitPlatformProvider.invoke(JUnitPlatformProvider.java:136)
	at org.apache.maven.surefire.booter.ForkedBooter.runSuitesInProcess(ForkedBooter.java:385)
	at org.apache.maven.surefire.booter.ForkedBooter.execute(ForkedBooter.java:162)
	at org.apache.maven.surefire.booter.ForkedBooter.run(ForkedBooter.java:507)
	at org.apache.maven.surefire.booter.ForkedBooter.main(ForkedBooter.java:495)
	Suppressed: java.lang.Exception: #block terminated with an error
		at reactor.core.publisher.BlockingSingleSubscriber.blockingGet(BlockingSingleSubscriber.java:104)
		at reactor.core.publisher.Mono.block(Mono.java:1773)
		... 96 common frames omitted
]]></system-out>
  </testcase>
  <testcase name="should log outcome cancelled with a dash status when the client disconnects" classname="eu.inqudium.limesium.reactive.logging.RequestLoggingWebFilterTest$Levels and outcomes" time="0.002">
    <system-out><![CDATA[2026-08-25 21:23:21.589 WARN  [main] http-exchange-reactive-core-test - Endpoint http exchange GET /api/things -> - [endpoint_request_id=generated-42] endpoint_outcome=cancelled endpoint_duration_ms=0 endpoint_request_method=GET endpoint_url_path=/api/things [endpoint_method=GET, endpoint_request_id=generated-42, endpoint_route=/api/things]
]]></system-out>
  </testcase>
  <testcase name="should escalate to WARN with outcome failure for a handled 5xx" classname="eu.inqudium.limesium.reactive.logging.RequestLoggingWebFilterTest$Levels and outcomes" time="0.001">
    <system-out><![CDATA[2026-08-25 21:23:21.591 WARN  [main] http-exchange-reactive-core-test - Endpoint http exchange GET /api/things -> 503 [endpoint_request_id=generated-42] endpoint_outcome=failure endpoint_duration_ms=0 endpoint_request_method=GET endpoint_url_path=/api/things endpoint_response_status_code=503 [endpoint_method=GET, endpoint_request_id=generated-42, endpoint_route=/api/things]
]]></system-out>
  </testcase>
  <testcase name="should compare the slow threshold at full precision instead of truncated milliseconds" classname="eu.inqudium.limesium.reactive.logging.RequestLoggingWebFilterTest$Levels and outcomes" time="0.002">
    <system-out><![CDATA[2026-08-25 21:23:21.593 INFO  [main] http-exchange-reactive-core-test - Endpoint http exchange GET /api/things -> 200 [endpoint_request_id=generated-42] endpoint_outcome=success endpoint_duration_ms=1 endpoint_request_method=GET endpoint_url_path=/api/things endpoint_response_status_code=200 [endpoint_method=GET, endpoint_request_id=generated-42, endpoint_route=/api/things]
2026-08-25 21:23:21.593 WARN  [main] http-exchange-reactive-core-test - Endpoint http exchange GET /api/things -> 200 [endpoint_request_id=generated-42] endpoint_outcome=success endpoint_duration_ms=1 endpoint_request_method=GET endpoint_url_path=/api/things endpoint_response_status_code=200 endpoint_slow=true [endpoint_method=GET, endpoint_request_id=generated-42, endpoint_route=/api/things]
]]></system-out>
  </testcase>
  <testcase name="should log the raw request target so percent-encoded control characters cannot forge log lines" classname="eu.inqudium.limesium.reactive.logging.RequestLoggingWebFilterTest$The exchange line" time="0.002">
    <system-out><![CDATA[2026-08-25 21:23:21.596 INFO  [main] http-exchange-reactive-core-test - Endpoint http exchange GET /api/th%0Aings -> 200 [endpoint_request_id=generated-42] endpoint_outcome=success endpoint_duration_ms=0 endpoint_request_method=GET endpoint_url_path=/api/th%0Aings endpoint_response_status_code=200 endpoint_url_query=x=%0D%0Ay [endpoint_method=GET, endpoint_request_id=generated-42, endpoint_route=/api/th%0Aings]
]]></system-out>
  </testcase>
  <testcase name="should echo the correlation id and adopt one from the request header" classname="eu.inqudium.limesium.reactive.logging.RequestLoggingWebFilterTest$The exchange line" time="0.001">
    <system-out><![CDATA[2026-08-25 21:23:21.598 INFO  [main] http-exchange-reactive-core-test - Endpoint http exchange GET /api/things -> 200 [endpoint_request_id=caller-id] endpoint_outcome=success endpoint_duration_ms=0 endpoint_request_method=GET endpoint_url_path=/api/things endpoint_response_status_code=200 [endpoint_method=GET, endpoint_request_id=caller-id, endpoint_route=/api/things]
]]></system-out>
  </testcase>
  <testcase name="should carry the traceparent-derived trace context into the event" classname="eu.inqudium.limesium.reactive.logging.RequestLoggingWebFilterTest$The exchange line" time="0.001">
    <system-out><![CDATA[2026-08-25 21:23:21.599 INFO  [main] http-exchange-reactive-core-test - Endpoint http exchange GET /api/things -> 200 [endpoint_request_id=generated-42 traceId=0af7651916cd43dd8448eb211c80319c parentSpanId=b7ad6b7169203331] endpoint_outcome=success endpoint_duration_ms=0 endpoint_request_method=GET endpoint_url_path=/api/things endpoint_response_status_code=200 [traceId=0af7651916cd43dd8448eb211c80319c, endpoint_method=GET, endpoint_request_id=generated-42, endpoint_route=/api/things, parentSpanId=b7ad6b7169203331]
]]></system-out>
  </testcase>
  <testcase name="should log the identical line format of the servlet twin" classname="eu.inqudium.limesium.reactive.logging.RequestLoggingWebFilterTest$The exchange line" time="0.003">
    <system-out><![CDATA[2026-08-25 21:23:21.601 INFO  [main] http-exchange-reactive-core-test - Endpoint http exchange GET /api/things -> 200 [endpoint_request_id=generated-42] endpoint_outcome=success endpoint_duration_ms=42 endpoint_request_method=GET endpoint_url_path=/api/things endpoint_response_status_code=200 [endpoint_method=GET, endpoint_request_id=generated-42, endpoint_route=/api/things]
]]></system-out>
  </testcase>
  <testcase name="should log query and handler pattern as their own fields" classname="eu.inqudium.limesium.reactive.logging.RequestLoggingWebFilterTest$The exchange line" time="0.003">
    <system-out><![CDATA[2026-08-25 21:23:21.604 INFO  [main] http-exchange-reactive-core-test - Endpoint http exchange GET /api/things/7 -> 200 [endpoint_request_id=generated-42] endpoint_outcome=success endpoint_duration_ms=0 endpoint_request_method=GET endpoint_url_path=/api/things/7 endpoint_response_status_code=200 endpoint_url_template=/api/things/{id} endpoint_url_query=page=2 [endpoint_method=GET, endpoint_request_id=generated-42, endpoint_route=/api/things/7]
]]></system-out>
  </testcase>
</testsuite>