<?xml version="1.0" encoding="UTF-8"?>
<testsuite xmlns:xsi="http://www.w3.org/2001/XMLSchema-instance" xsi:noNamespaceSchemaLocation="https://maven.apache.org/surefire/maven-surefire-plugin/xsd/surefire-test-report.xsd" version="3.0.2" name="eu.inqudium.limesium.reactive.logging.RequestLoggingWebFilterTracingIntegrationTest" time="0.146" tests="3" errors="0" skipped="0" failures="0" flakes="0">
  <properties>
[...]
</properties>
  <testcase name="should log the trace id the real server span runs under when the caller sends a traceparent" classname="eu.inqudium.limesium.reactive.logging.RequestLoggingWebFilterTracingIntegrationTest" time="0.018">
    <system-out><![CDATA[
  .   ____          _            __ _ _
 /\\ / ___'_ __ _ _(_)_ __  __ _ \ \ \ \
( ( )\___ | '_ | '_| | '_ \/ _` | \ \ \ \
 \\/  ___)| |_)| | | | | || (_| |  ) ) ) )
  '  |____| .__|_| |_|_| |_\__, | / / / /
 =========|_|==============|___/=/_/_/_/

 :: Spring Boot ::                (v4.1.0)

2026-08-25 21:23:22.050 INFO  [main] e.i.l.r.l.RequestLoggingWebFilterTracingIntegrationTest - Starting RequestLoggingWebFilterTracingIntegrationTest using Java 26.0.1 with PID 43198 (started by dirk in /home/dirk/IdeaProjects/limesium/limesium-reactive-logging)  []
2026-08-25 21:23:22.050 INFO  [main] e.i.l.r.l.RequestLoggingWebFilterTracingIntegrationTest - No active profile set, falling back to 1 default profile: "default"  []
2026-08-25 21:23:22.130 WARN  [main] e.i.l.r.l.EndpointMdcContextPropagation - endpoint-logging registered the endpoint_* MDC accessors, but spring.reactor.context-propagation=<unset, default 'limited'> does not enable automatic context propagation - handler-side MDC will not be restored around ordinary Reactor operators. Set spring.reactor.context-propagation=auto (or call Hooks.enableAutomaticContextPropagation() yourself) to activate handler MDC parity.  []
2026-08-25 21:23:22.136 INFO  [main] o.s.b.reactor.netty.NettyWebServer - Netty started on port 44579 (http)  []
2026-08-25 21:23:22.137 INFO  [main] e.i.l.r.l.RequestLoggingWebFilterTracingIntegrationTest - Started RequestLoggingWebFilterTracingIntegrationTest in 0.096 seconds (process running for 3.845)  []
2026-08-25 21:23:22.154 INFO  [webflux-http-epoll-2] http-exchange-reactive-tracing-integration-test - Endpoint http exchange GET /tr/things/9 -> 200 [endpoint_request_id=tr-generated traceId=0af7651916cd43dd8448eb211c80319c parentSpanId=b7ad6b7169203331] endpoint_outcome=success endpoint_duration_ms=0 endpoint_request_method=GET endpoint_url_path=/tr/things/9 endpoint_response_status_code=200 endpoint_url_template=/tr/things/{id} [traceId=0af7651916cd43dd8448eb211c80319c, endpoint_method=GET, endpoint_request_id=tr-generated, endpoint_route=/tr/things/9, parentSpanId=b7ad6b7169203331]
]]></system-out>
  </testcase>
  <testcase name="should log no trace context without a caller traceparent although the bridge traces the exchange" classname="eu.inqudium.limesium.reactive.logging.RequestLoggingWebFilterTracingIntegrationTest" time="0.009">
    <system-out><![CDATA[2026-08-25 21:23:22.165 INFO  [webflux-http-epoll-3] http-exchange-reactive-tracing-integration-test - Endpoint http exchange GET /tr/things/3 -> 200 [endpoint_request_id=tr-generated] endpoint_outcome=success endpoint_duration_ms=0 endpoint_request_method=GET endpoint_url_path=/tr/things/3 endpoint_response_status_code=200 endpoint_url_template=/tr/things/{id} [endpoint_method=GET, endpoint_request_id=tr-generated, endpoint_route=/tr/things/3]
]]></system-out>
  </testcase>
  <testcase name="should keep the join on the commit-deferred error path under a real bridge" classname="eu.inqudium.limesium.reactive.logging.RequestLoggingWebFilterTracingIntegrationTest" time="0.013">
    <system-out><![CDATA[2026-08-25 21:23:22.175 ERROR [webflux-http-epoll-4] o.s.b.w.a.e.AbstractErrorWebExceptionHandler - [08938611-14]  500 Server Error for HTTP GET "/tr/boom"  []
java.lang.IllegalStateException: tr boom
	at eu.inqudium.limesium.reactive.logging.RequestLoggingWebFilterTracingIntegrationTest$TrController.boom(RequestLoggingWebFilterTracingIntegrationTest.kt:211)
	Suppressed: The stacktrace has been enhanced by Reactor, refer to additional information below: 
Error has been observed at the following site(s):
	*__checkpoint ⇢ Handler eu.inqudium.limesium.reactive.logging.RequestLoggingWebFilterTracingIntegrationTest$TrController#boom() [DispatcherHandler]
	*__checkpoint ⇢ eu.inqudium.limesium.reactive.logging.RequestLoggingWebFilter@69c7fe78
	*__checkpoint ⇢ HTTP GET "/tr/boom" [ExceptionHandlingWebHandler]
Original Stack Trace:
		at eu.inqudium.limesium.reactive.logging.RequestLoggingWebFilterTracingIntegrationTest$TrController.boom(RequestLoggingWebFilterTracingIntegrationTest.kt:211)
		at java.base/jdk.internal.reflect.DirectMethodHandleAccessor.invoke(DirectMethodHandleAccessor.java:104)
		at java.base/java.lang.reflect.Method.invoke(Method.java:565)
		at kotlin.reflect.jvm.internal.calls.CallerImpl$Method.callMethod(CallerImpl.kt:90)
		at kotlin.reflect.jvm.internal.calls.CallerImpl$Method$Instance.call(CallerImpl.kt:106)
		at kotlin.reflect.jvm.internal.ReflectKCallableKt.callDefaultMethod(ReflectKCallable.kt:165)
		at kotlin.reflect.jvm.internal.ReflectKCallableImpl.default$callBy(ReflectKCallableImpl.kt:70)
		at kotlin.reflect.jvm.internal.ReflectKCallableImpl.callBy(ReflectKCallableImpl.kt:10)
		at org.springframework.web.reactive.result.method.InvocableHandlerMethod$KotlinDelegate.invokeFunction(InvocableHandlerMethod.java:371)
		at org.springframework.web.reactive.result.method.InvocableHandlerMethod.lambda$invoke$0(InvocableHandlerMethod.java:201)
		at reactor.core.publisher.FluxFlatMap.trySubscribeScalarMap(FluxFlatMap.java:153)
		at reactor.core.publisher.MonoFlatMap.subscribeOrReturn(MonoFlatMap.java:53)
		at reactor.core.publisher.InternalMonoOperator.subscribe(InternalMonoOperator.java:62)
		at reactor.core.publisher.MonoDefer.subscribe(MonoDefer.java:54)
		at reactor.core.publisher.MonoIgnoreThen$ThenIgnoreMain.subscribeNext(MonoIgnoreThen.java:244)
		at reactor.core.publisher.MonoIgnoreThen$ThenIgnoreMain.onComplete(MonoIgnoreThen.java:207)
		at reactor.core.publisher.MonoFlatMap$FlatMapMain.onComplete(MonoFlatMap.java:189)
		at reactor.core.publisher.Operators.complete(Operators.java:137)
		at reactor.core.publisher.MonoZip.subscribe(MonoZip.java:121)
		at reactor.core.publisher.Mono.subscribe(Mono.java:4569)
		at reactor.core.publisher.MonoIgnoreThen$ThenIgnoreMain.subscribeNext(MonoIgnoreThen.java:268)
		at reactor.core.publisher.MonoIgnoreThen.subscribe(MonoIgnoreThen.java:51)
		at reactor.core.publisher.InternalMonoOperator.subscribe(InternalMonoOperator.java:75)
		at reactor.core.publisher.MonoFlatMap$FlatMapMain.onNext(MonoFlatMap.java:165)
		at reactor.core.publisher.FluxOnErrorResume$ResumeSubscriber.onNext(FluxOnErrorResume.java:80)
		at reactor.core.publisher.FluxSwitchIfEmpty$SwitchIfEmptySubscriber.onNext(FluxSwitchIfEmpty.java:75)
		at reactor.core.publisher.MonoNext$NextSubscriber.onNext(MonoNext.java:83)
		at reactor.core.publisher.FluxConcatMapNoPrefetch$FluxConcatMapNoPrefetchSubscriber.innerNext(FluxConcatMapNoPrefetch.java:258)
		at reactor.core.publisher.FluxConcatMap$ConcatMapInner.onNext(FluxConcatMap.java:868)
		at reactor.core.publisher.MonoFlatMap$FlatMapMain.secondComplete(MonoFlatMap.java:245)
		at reactor.core.publisher.MonoFlatMap$FlatMapInner.onNext(MonoFlatMap.java:306)
		at reactor.core.publisher.FluxMapFuseable$MapFuseableSubscriber.onNext(FluxMapFuseable.java:130)
		at reactor.core.publisher.MonoPeekTerminal$MonoTerminalPeekSubscriber.onNext(MonoPeekTerminal.java:184)
		at reactor.core.publisher.Operators$ScalarSubscription.request(Operators.java:2564)
		at reactor.core.publisher.MonoPeekTerminal$MonoTerminalPeekSubscriber.request(MonoPeekTerminal.java:142)
		at reactor.core.publisher.FluxMapFuseable$MapFuseableSubscriber.request(FluxMapFuseable.java:172)
		at reactor.core.publisher.MonoFlatMap$FlatMapInner.onSubscribe(MonoFlatMap.java:292)
		at reactor.core.publisher.FluxMapFuseable$MapFuseableSubscriber.onSubscribe(FluxMapFuseable.java:96)
		at reactor.core.publisher.MonoPeekTerminal$MonoTerminalPeekSubscriber.onSubscribe(MonoPeekTerminal.java:155)
		at reactor.core.publisher.MonoJust.subscribe(MonoJust.java:56)
		at reactor.core.publisher.InternalMonoOperator.subscribe(InternalMonoOperator.java:75)
		at reactor.core.publisher.MonoFlatMap$FlatMapMain.onNext(MonoFlatMap.java:165)
		at reactor.core.publisher.FluxPeekFuseable$PeekFuseableSubscriber.onNext(FluxPeekFuseable.java:211)
		at reactor.core.publisher.Operators$ScalarSubscription.request(Operators.java:2564)
		at reactor.core.publisher.FluxPeekFuseable$PeekFuseableSubscriber.request(FluxPeekFuseable.java:144)
		at reactor.core.publisher.MonoFlatMap$FlatMapMain.request(MonoFlatMap.java:194)
		at reactor.core.publisher.Operators$MultiSubscriptionSubscriber.set(Operators.java:2361)
		at reactor.core.publisher.Operators$MultiSubscriptionSubscriber.onSubscribe(Operators.java:2235)
		at reactor.core.publisher.MonoFlatMap$FlatMapMain.onSubscribe(MonoFlatMap.java:117)
		at reactor.core.publisher.FluxPeekFuseable$PeekFuseableSubscriber.onSubscribe(FluxPeekFuseable.java:178)
		at reactor.core.publisher.MonoJust.subscribe(MonoJust.java:56)
		at reactor.core.publisher.Mono.subscribe(Mono.java:4569)
		at reactor.core.publisher.FluxConcatMapNoPrefetch$FluxConcatMapNoPrefetchSubscriber.onNext(FluxConcatMapNoPrefetch.java:206)
		at reactor.core.publisher.FluxIterable$IterableSubscription.slowPath(FluxIterable.java:335)
		at reactor.core.publisher.FluxIterable$IterableSubscription.request(FluxIterable.java:294)
		at reactor.core.publisher.FluxConcatMapNoPrefetch$FluxConcatMapNoPrefetchSubscriber.innerComplete(FluxConcatMapNoPrefetch.java:274)
		at reactor.core.publisher.FluxConcatMap$ConcatMapInner.onComplete(FluxConcatMap.java:892)
		at reactor.core.publisher.MonoFlatMap$FlatMapMain.secondComplete(MonoFlatMap.java:250)
		at reactor.core.publisher.MonoFlatMap$FlatMapInner.onComplete(MonoFlatMap.java:325)
		at reactor.core.publisher.FluxMap$MapSubscriber.onComplete(FluxMap.java:144)
		at reactor.core.publisher.Operators.complete(Operators.java:137)
		at reactor.core.publisher.MonoEmpty.subscribe(MonoEmpty.java:46)
		at reactor.core.publisher.InternalMonoOperator.subscribe(InternalMonoOperator.java:75)
		at reactor.core.publisher.MonoFlatMap$FlatMapMain.onNext(MonoFlatMap.java:165)
		at reactor.core.publisher.FluxPeekFuseable$PeekFuseableSubscriber.onNext(FluxPeekFuseable.java:211)
		at reactor.core.publisher.Operators$ScalarSubscription.request(Operators.java:2564)
		at reactor.core.publisher.FluxPeekFuseable$PeekFuseableSubscriber.request(FluxPeekFuseable.java:144)
		at reactor.core.publisher.MonoFlatMap$FlatMapMain.request(MonoFlatMap.java:194)
		at reactor.core.publisher.Operators$MultiSubscriptionSubscriber.request(Operators.java:2325)
		at reactor.core.publisher.FluxConcatMapNoPrefetch$FluxConcatMapNoPrefetchSubscriber.request(FluxConcatMapNoPrefetch.java:338)
		at reactor.core.publisher.MonoNext$NextSubscriber.request(MonoNext.java:109)
		at reactor.core.publisher.Operators$MultiSubscriptionSubscriber.set(Operators.java:2361)
		at reactor.core.publisher.Operators$MultiSubscriptionSubscriber.onSubscribe(Operators.java:2235)
		at reactor.core.publisher.MonoNext$NextSubscriber.onSubscribe(MonoNext.java:71)
		at reactor.core.publisher.FluxConcatMapNoPrefetch$FluxConcatMapNoPrefetchSubscriber.onSubscribe(FluxConcatMapNoPrefetch.java:163)
		at reactor.core.publisher.FluxIterable.subscribe(FluxIterable.java:200)
		at reactor.core.publisher.FluxIterable.subscribe(FluxIterable.java:82)
		at reactor.core.publisher.InternalMonoOperator.subscribe(InternalMonoOperator.java:75)
		at reactor.core.publisher.MonoDefer.subscribe(MonoDefer.java:54)
		at reactor.core.publisher.MonoDefer.subscribe(MonoDefer.java:54)
		at reactor.core.publisher.InternalMonoOperator.subscribe(InternalMonoOperator.java:75)
		at reactor.core.publisher.MonoDefer.subscribe(MonoDefer.java:54)
		at reactor.core.publisher.Mono.subscribe(Mono.java:4569)
		at reactor.core.publisher.MonoIgnoreThen$ThenIgnoreMain.subscribeNext(MonoIgnoreThen.java:268)
		at reactor.core.publisher.MonoIgnoreThen.subscribe(MonoIgnoreThen.java:51)
		at reactor.core.publisher.InternalMonoOperator.subscribe(InternalMonoOperator.java:75)
		at reactor.core.publisher.MonoDeferContextual.subscribe(MonoDeferContextual.java:56)
		at reactor.netty.http.server.HttpServer$HttpServerHandle.onStateChange(HttpServer.java:1378)
		at reactor.netty.ReactorNetty$CompositeConnectionObserver.onStateChange(ReactorNetty.java:736)
		at reactor.netty.transport.ServerTransport$ChildObserver.onStateChange(ServerTransport.java:539)
		at reactor.netty.http.server.HttpServerOperations.handleDefaultHttpRequest(HttpServerOperations.java:898)
		at reactor.netty.http.server.HttpServerOperations.onInboundNext(HttpServerOperations.java:824)
		at reactor.netty.channel.ChannelOperationsHandler.channelRead(ChannelOperationsHandler.java:115)
		at io.netty.channel.AbstractChannelHandlerContext.fireChannelRead(AbstractChannelHandlerContext.java:357)
		at reactor.netty.http.server.HttpTrafficHandler.channelRead(HttpTrafficHandler.java:287)
		at io.netty.channel.AbstractChannelHandlerContext.fireChannelRead(AbstractChannelHandlerContext.java:355)
		at io.netty.channel.CombinedChannelDuplexHandler$DelegatingChannelHandlerContext.fireChannelRead(CombinedChannelDuplexHandler.java:434)
		at io.netty.handler.codec.ByteToMessageDecoder.fireChannelRead(ByteToMessageDecoder.java:361)
		at io.netty.handler.codec.ByteToMessageDecoder.channelRead(ByteToMessageDecoder.java:325)
		at io.netty.channel.CombinedChannelDuplexHandler.channelRead(CombinedChannelDuplexHandler.java:249)
		at io.netty.channel.AbstractChannelHandlerContext.fireChannelRead(AbstractChannelHandlerContext.java:355)
		at io.netty.channel.DefaultChannelPipeline$HeadContext.channelRead(DefaultChannelPipeline.java:1429)
		at io.netty.channel.DefaultChannelPipeline.fireChannelRead(DefaultChannelPipeline.java:918)
		at io.netty.channel.epoll.AbstractEpollStreamChannel$EpollStreamUnsafe.epollInReady(AbstractEpollStreamChannel.java:804)
		at io.netty.channel.epoll.AbstractEpollChannel$AbstractEpollUnsafe.handle(AbstractEpollChannel.java:487)
		at io.netty.channel.epoll.EpollIoHandler$DefaultEpollIoRegistration.handle(EpollIoHandler.java:349)
		at io.netty.channel.epoll.EpollIoHandler.processReady(EpollIoHandler.java:546)
		at io.netty.channel.epoll.EpollIoHandler.run(EpollIoHandler.java:491)
		at io.netty.channel.SingleThreadIoEventLoop.runIo(SingleThreadIoEventLoop.java:225)
		at io.netty.channel.SingleThreadIoEventLoop.run(SingleThreadIoEventLoop.java:196)
		at io.netty.util.concurrent.SingleThreadEventExecutor$5.run(SingleThreadEventExecutor.java:1195)
		at io.netty.util.internal.ThreadExecutorMap$2.run(ThreadExecutorMap.java:74)
		at io.netty.util.concurrent.FastThreadLocalRunnable.run(FastThreadLocalRunnable.java:30)
		at java.base/java.lang.Thread.run(Thread.java:1516)
2026-08-25 21:23:22.179 WARN  [webflux-http-epoll-4] e.i.l.r.l.RequestLoggingWebFilter - Endpoint http exchange failed: GET /tr/boom - java.lang.IllegalStateException: tr boom [endpoint_request_id=tr-generated]  []
2026-08-25 21:23:22.179 ERROR [webflux-http-epoll-4] http-exchange-reactive-tracing-integration-test - Endpoint http exchange GET /tr/boom -> 500 [endpoint_request_id=tr-generated traceId=0af7651916cd43dd8448eb211c80319c parentSpanId=b7ad6b7169203331] endpoint_outcome=failure endpoint_duration_ms=0 endpoint_request_method=GET endpoint_url_path=/tr/boom endpoint_response_status_code=500 endpoint_url_template=/tr/boom [traceId=0af7651916cd43dd8448eb211c80319c, endpoint_method=GET, endpoint_request_id=tr-generated, endpoint_route=/tr/boom, parentSpanId=b7ad6b7169203331]
java.lang.IllegalStateException: tr boom
	at eu.inqudium.limesium.reactive.logging.RequestLoggingWebFilterTracingIntegrationTest$TrController.boom(RequestLoggingWebFilterTracingIntegrationTest.kt:211)
	Suppressed: The stacktrace has been enhanced by Reactor, refer to additional information below: 
Error has been observed at the following site(s):
	*__checkpoint ⇢ Handler eu.inqudium.limesium.reactive.logging.RequestLoggingWebFilterTracingIntegrationTest$TrController#boom() [DispatcherHandler]
	*__checkpoint ⇢ eu.inqudium.limesium.reactive.logging.RequestLoggingWebFilter@69c7fe78
	*__checkpoint ⇢ HTTP GET "/tr/boom" [ExceptionHandlingWebHandler]
Original Stack Trace:
		at eu.inqudium.limesium.reactive.logging.RequestLoggingWebFilterTracingIntegrationTest$TrController.boom(RequestLoggingWebFilterTracingIntegrationTest.kt:211)
		at java.base/jdk.internal.reflect.DirectMethodHandleAccessor.invoke(DirectMethodHandleAccessor.java:104)
		at java.base/java.lang.reflect.Method.invoke(Method.java:565)
		at kotlin.reflect.jvm.internal.calls.CallerImpl$Method.callMethod(CallerImpl.kt:90)
		at kotlin.reflect.jvm.internal.calls.CallerImpl$Method$Instance.call(CallerImpl.kt:106)
		at kotlin.reflect.jvm.internal.ReflectKCallableKt.callDefaultMethod(ReflectKCallable.kt:165)
		at kotlin.reflect.jvm.internal.ReflectKCallableImpl.default$callBy(ReflectKCallableImpl.kt:70)
		at kotlin.reflect.jvm.internal.ReflectKCallableImpl.callBy(ReflectKCallableImpl.kt:10)
		at org.springframework.web.reactive.result.method.InvocableHandlerMethod$KotlinDelegate.invokeFunction(InvocableHandlerMethod.java:371)
		at org.springframework.web.reactive.result.method.InvocableHandlerMethod.lambda$invoke$0(InvocableHandlerMethod.java:201)
		at reactor.core.publisher.FluxFlatMap.trySubscribeScalarMap(FluxFlatMap.java:153)
		at reactor.core.publisher.MonoFlatMap.subscribeOrReturn(MonoFlatMap.java:53)
		at reactor.core.publisher.InternalMonoOperator.subscribe(InternalMonoOperator.java:62)
		at reactor.core.publisher.MonoDefer.subscribe(MonoDefer.java:54)
		at reactor.core.publisher.MonoIgnoreThen$ThenIgnoreMain.subscribeNext(MonoIgnoreThen.java:244)
		at reactor.core.publisher.MonoIgnoreThen$ThenIgnoreMain.onComplete(MonoIgnoreThen.java:207)
		at reactor.core.publisher.MonoFlatMap$FlatMapMain.onComplete(MonoFlatMap.java:189)
		at reactor.core.publisher.Operators.complete(Operators.java:137)
		at reactor.core.publisher.MonoZip.subscribe(MonoZip.java:121)
		at reactor.core.publisher.Mono.subscribe(Mono.java:4569)
		at reactor.core.publisher.MonoIgnoreThen$ThenIgnoreMain.subscribeNext(MonoIgnoreThen.java:268)
		at reactor.core.publisher.MonoIgnoreThen.subscribe(MonoIgnoreThen.java:51)
		at reactor.core.publisher.InternalMonoOperator.subscribe(InternalMonoOperator.java:75)
		at reactor.core.publisher.MonoFlatMap$FlatMapMain.onNext(MonoFlatMap.java:165)
		at reactor.core.publisher.FluxOnErrorResume$ResumeSubscriber.onNext(FluxOnErrorResume.java:80)
		at reactor.core.publisher.FluxSwitchIfEmpty$SwitchIfEmptySubscriber.onNext(FluxSwitchIfEmpty.java:75)
		at reactor.core.publisher.MonoNext$NextSubscriber.onNext(MonoNext.java:83)
		at reactor.core.publisher.FluxConcatMapNoPrefetch$FluxConcatMapNoPrefetchSubscriber.innerNext(FluxConcatMapNoPrefetch.java:258)
		at reactor.core.publisher.FluxConcatMap$ConcatMapInner.onNext(FluxConcatMap.java:868)
		at reactor.core.publisher.MonoFlatMap$FlatMapMain.secondComplete(MonoFlatMap.java:245)
		at reactor.core.publisher.MonoFlatMap$FlatMapInner.onNext(MonoFlatMap.java:306)
		at reactor.core.publisher.FluxMapFuseable$MapFuseableSubscriber.onNext(FluxMapFuseable.java:130)
		at reactor.core.publisher.MonoPeekTerminal$MonoTerminalPeekSubscriber.onNext(MonoPeekTerminal.java:184)
		at reactor.core.publisher.Operators$ScalarSubscription.request(Operators.java:2564)
		at reactor.core.publisher.MonoPeekTerminal$MonoTerminalPeekSubscriber.request(MonoPeekTerminal.java:142)
		at reactor.core.publisher.FluxMapFuseable$MapFuseableSubscriber.request(FluxMapFuseable.java:172)
		at reactor.core.publisher.MonoFlatMap$FlatMapInner.onSubscribe(MonoFlatMap.java:292)
		at reactor.core.publisher.FluxMapFuseable$MapFuseableSubscriber.onSubscribe(FluxMapFuseable.java:96)
		at reactor.core.publisher.MonoPeekTerminal$MonoTerminalPeekSubscriber.onSubscribe(MonoPeekTerminal.java:155)
		at reactor.core.publisher.MonoJust.subscribe(MonoJust.java:56)
		at reactor.core.publisher.InternalMonoOperator.subscribe(InternalMonoOperator.java:75)
		at reactor.core.publisher.MonoFlatMap$FlatMapMain.onNext(MonoFlatMap.java:165)
		at reactor.core.publisher.FluxPeekFuseable$PeekFuseableSubscriber.onNext(FluxPeekFuseable.java:211)
		at reactor.core.publisher.Operators$ScalarSubscription.request(Operators.java:2564)
		at reactor.core.publisher.FluxPeekFuseable$PeekFuseableSubscriber.request(FluxPeekFuseable.java:144)
		at reactor.core.publisher.MonoFlatMap$FlatMapMain.request(MonoFlatMap.java:194)
		at reactor.core.publisher.Operators$MultiSubscriptionSubscriber.set(Operators.java:2361)
		at reactor.core.publisher.Operators$MultiSubscriptionSubscriber.onSubscribe(Operators.java:2235)
		at reactor.core.publisher.MonoFlatMap$FlatMapMain.onSubscribe(MonoFlatMap.java:117)
		at reactor.core.publisher.FluxPeekFuseable$PeekFuseableSubscriber.onSubscribe(FluxPeekFuseable.java:178)
		at reactor.core.publisher.MonoJust.subscribe(MonoJust.java:56)
		at reactor.core.publisher.Mono.subscribe(Mono.java:4569)
		at reactor.core.publisher.FluxConcatMapNoPrefetch$FluxConcatMapNoPrefetchSubscriber.onNext(FluxConcatMapNoPrefetch.java:206)
		at reactor.core.publisher.FluxIterable$IterableSubscription.slowPath(FluxIterable.java:335)
		at reactor.core.publisher.FluxIterable$IterableSubscription.request(FluxIterable.java:294)
		at reactor.core.publisher.FluxConcatMapNoPrefetch$FluxConcatMapNoPrefetchSubscriber.innerComplete(FluxConcatMapNoPrefetch.java:274)
		at reactor.core.publisher.FluxConcatMap$ConcatMapInner.onComplete(FluxConcatMap.java:892)
		at reactor.core.publisher.MonoFlatMap$FlatMapMain.secondComplete(MonoFlatMap.java:250)
		at reactor.core.publisher.MonoFlatMap$FlatMapInner.onComplete(MonoFlatMap.java:325)
		at reactor.core.publisher.FluxMap$MapSubscriber.onComplete(FluxMap.java:144)
		at reactor.core.publisher.Operators.complete(Operators.java:137)
		at reactor.core.publisher.MonoEmpty.subscribe(MonoEmpty.java:46)
		at reactor.core.publisher.InternalMonoOperator.subscribe(InternalMonoOperator.java:75)
		at reactor.core.publisher.MonoFlatMap$FlatMapMain.onNext(MonoFlatMap.java:165)
		at reactor.core.publisher.FluxPeekFuseable$PeekFuseableSubscriber.onNext(FluxPeekFuseable.java:211)
		at reactor.core.publisher.Operators$ScalarSubscription.request(Operators.java:2564)
		at reactor.core.publisher.FluxPeekFuseable$PeekFuseableSubscriber.request(FluxPeekFuseable.java:144)
		at reactor.core.publisher.MonoFlatMap$FlatMapMain.request(MonoFlatMap.java:194)
		at reactor.core.publisher.Operators$MultiSubscriptionSubscriber.request(Operators.java:2325)
		at reactor.core.publisher.FluxConcatMapNoPrefetch$FluxConcatMapNoPrefetchSubscriber.request(FluxConcatMapNoPrefetch.java:338)
		at reactor.core.publisher.MonoNext$NextSubscriber.request(MonoNext.java:109)
		at reactor.core.publisher.Operators$MultiSubscriptionSubscriber.set(Operators.java:2361)
		at reactor.core.publisher.Operators$MultiSubscriptionSubscriber.onSubscribe(Operators.java:2235)
		at reactor.core.publisher.MonoNext$NextSubscriber.onSubscribe(MonoNext.java:71)
		at reactor.core.publisher.FluxConcatMapNoPrefetch$FluxConcatMapNoPrefetchSubscriber.onSubscribe(FluxConcatMapNoPrefetch.java:163)
		at reactor.core.publisher.FluxIterable.subscribe(FluxIterable.java:200)
		at reactor.core.publisher.FluxIterable.subscribe(FluxIterable.java:82)
		at reactor.core.publisher.InternalMonoOperator.subscribe(InternalMonoOperator.java:75)
		at reactor.core.publisher.MonoDefer.subscribe(MonoDefer.java:54)
		at reactor.core.publisher.MonoDefer.subscribe(MonoDefer.java:54)
		at reactor.core.publisher.InternalMonoOperator.subscribe(InternalMonoOperator.java:75)
		at reactor.core.publisher.MonoDefer.subscribe(MonoDefer.java:54)
		at reactor.core.publisher.Mono.subscribe(Mono.java:4569)
		at reactor.core.publisher.MonoIgnoreThen$ThenIgnoreMain.subscribeNext(MonoIgnoreThen.java:268)
		at reactor.core.publisher.MonoIgnoreThen.subscribe(MonoIgnoreThen.java:51)
		at reactor.core.publisher.InternalMonoOperator.subscribe(InternalMonoOperator.java:75)
		at reactor.core.publisher.MonoDeferContextual.subscribe(MonoDeferContextual.java:56)
		at reactor.netty.http.server.HttpServer$HttpServerHandle.onStateChange(HttpServer.java:1378)
		at reactor.netty.ReactorNetty$CompositeConnectionObserver.onStateChange(ReactorNetty.java:736)
		at reactor.netty.transport.ServerTransport$ChildObserver.onStateChange(ServerTransport.java:539)
		at reactor.netty.http.server.HttpServerOperations.handleDefaultHttpRequest(HttpServerOperations.java:898)
		at reactor.netty.http.server.HttpServerOperations.onInboundNext(HttpServerOperations.java:824)
		at reactor.netty.channel.ChannelOperationsHandler.channelRead(ChannelOperationsHandler.java:115)
		at io.netty.channel.AbstractChannelHandlerContext.fireChannelRead(AbstractChannelHandlerContext.java:357)
		at reactor.netty.http.server.HttpTrafficHandler.channelRead(HttpTrafficHandler.java:287)
		at io.netty.channel.AbstractChannelHandlerContext.fireChannelRead(AbstractChannelHandlerContext.java:355)
		at io.netty.channel.CombinedChannelDuplexHandler$DelegatingChannelHandlerContext.fireChannelRead(CombinedChannelDuplexHandler.java:434)
		at io.netty.handler.codec.ByteToMessageDecoder.fireChannelRead(ByteToMessageDecoder.java:361)
		at io.netty.handler.codec.ByteToMessageDecoder.channelRead(ByteToMessageDecoder.java:325)
		at io.netty.channel.CombinedChannelDuplexHandler.channelRead(CombinedChannelDuplexHandler.java:249)
		at io.netty.channel.AbstractChannelHandlerContext.fireChannelRead(AbstractChannelHandlerContext.java:355)
		at io.netty.channel.DefaultChannelPipeline$HeadContext.channelRead(DefaultChannelPipeline.java:1429)
		at io.netty.channel.DefaultChannelPipeline.fireChannelRead(DefaultChannelPipeline.java:918)
		at io.netty.channel.epoll.AbstractEpollStreamChannel$EpollStreamUnsafe.epollInReady(AbstractEpollStreamChannel.java:804)
		at io.netty.channel.epoll.AbstractEpollChannel$AbstractEpollUnsafe.handle(AbstractEpollChannel.java:487)
		at io.netty.channel.epoll.EpollIoHandler$DefaultEpollIoRegistration.handle(EpollIoHandler.java:349)
		at io.netty.channel.epoll.EpollIoHandler.processReady(EpollIoHandler.java:546)
		at io.netty.channel.epoll.EpollIoHandler.run(EpollIoHandler.java:491)
		at io.netty.channel.SingleThreadIoEventLoop.runIo(SingleThreadIoEventLoop.java:225)
		at io.netty.channel.SingleThreadIoEventLoop.run(SingleThreadIoEventLoop.java:196)
		at io.netty.util.concurrent.SingleThreadEventExecutor$5.run(SingleThreadEventExecutor.java:1195)
		at io.netty.util.internal.ThreadExecutorMap$2.run(ThreadExecutorMap.java:74)
		at io.netty.util.concurrent.FastThreadLocalRunnable.run(FastThreadLocalRunnable.java:30)
		at java.base/java.lang.Thread.run(Thread.java:1516)
]]></system-out>
  </testcase>
</testsuite>