<?xml version="1.0" encoding="UTF-8"?>
<testsuite xmlns:xsi="http://www.w3.org/2001/XMLSchema-instance" xsi:noNamespaceSchemaLocation="https://maven.apache.org/surefire/maven-surefire-plugin/xsd/surefire-test-report.xsd" version="3.0.2" name="eu.inqudium.limesium.reactive.logging.CoRequestLoggingWebFilterCoroutineIntegrationTest" time="0.215" tests="6" errors="0" skipped="0" failures="0" flakes="0">
  <properties>
[...]
</properties>
  <testcase name="should carry the endpoint MDC into a log line written inside a suspend handler after a dispatcher hop" classname="eu.inqudium.limesium.reactive.logging.CoRequestLoggingWebFilterCoroutineIntegrationTest" time="0.028">
    <system-out><![CDATA[
  .   ____          _            __ _ _
 /\\ / ___'_ __ _ _(_)_ __  __ _ \ \ \ \
( ( )\___ | '_ | '_| | '_ \/ _` | \ \ \ \
 \\/  ___)| |_)| | | | | || (_| |  ) ) ) )
  '  |____| .__|_| |_|_| |_\__, | / / / /
 =========|_|==============|___/=/_/_/_/

 :: Spring Boot ::                (v4.1.0)

2026-08-25 21:23:22.203 INFO  [main] e.i.l.r.l.CoRequestLoggingWebFilterCoroutineIntegrationTest - Starting CoRequestLoggingWebFilterCoroutineIntegrationTest using Java 26.0.1 with PID 43198 (started by dirk in /home/dirk/IdeaProjects/limesium/limesium-reactive-logging)  []
2026-08-25 21:23:22.203 INFO  [main] e.i.l.r.l.CoRequestLoggingWebFilterCoroutineIntegrationTest - No active profile set, falling back to 1 default profile: "default"  []
2026-08-25 21:23:22.280 INFO  [main] o.s.b.reactor.netty.NettyWebServer - Netty started on port 38977 (http)  []
2026-08-25 21:23:22.281 INFO  [main] e.i.l.r.l.CoRequestLoggingWebFilterCoroutineIntegrationTest - Started CoRequestLoggingWebFilterCoroutineIntegrationTest in 0.087 seconds (process running for 3.989)  []
2026-08-25 21:23:22.303 INFO  [DefaultDispatcher-worker-1 @coroutine#19] co-integration-test-handler - inside suspend handler after hop  [endpoint_method=GET, endpoint_request_id=co-hop, endpoint_route=/co/hop/9]
2026-08-25 21:23:22.307 INFO  [DefaultDispatcher-worker-1 @coroutine#18] http-exchange-coroutine-integration-test - Endpoint http exchange GET /co/hop/9 -> 200 [endpoint_request_id=co-hop] endpoint_outcome=success endpoint_duration_ms=0 endpoint_request_method=GET endpoint_url_path=/co/hop/9 endpoint_response_status_code=200 endpoint_url_template=/co/hop/{id} endpoint_response_body=co-hop [endpoint_method=GET, endpoint_request_id=co-hop, endpoint_route=/co/hop/9]
]]></system-out>
  </testcase>
  <testcase name="should record the handler pattern of a real suspend dispatch" classname="eu.inqudium.limesium.reactive.logging.CoRequestLoggingWebFilterCoroutineIntegrationTest" time="0.015">
    <system-out><![CDATA[2026-08-25 21:23:22.324 INFO  [webflux-http-epoll-3 @coroutine#20] http-exchange-coroutine-integration-test - Endpoint http exchange GET /co/things/42 -> 200 [endpoint_request_id=co-generated] endpoint_outcome=success endpoint_duration_ms=0 endpoint_request_method=GET endpoint_url_path=/co/things/42 endpoint_response_status_code=200 endpoint_url_template=/co/things/{id} endpoint_response_body=thing-42 [endpoint_method=GET, endpoint_request_id=co-generated, endpoint_route=/co/things/42]
]]></system-out>
  </testcase>
  <testcase name="should log the status and header a later commit action applies on a real suspend error response" classname="eu.inqudium.limesium.reactive.logging.CoRequestLoggingWebFilterCoroutineIntegrationTest" time="0.022">
    <system-out><![CDATA[2026-08-25 21:23:22.340 WARN  [webflux-http-epoll-4 @coroutine#22] e.i.l.r.l.RequestLoggingWebFilter - Endpoint http exchange failed: GET /co/boom-late - java.lang.IllegalStateException: co boom late [endpoint_request_id=co-generated]  []
2026-08-25 21:23:22.341 ERROR [webflux-http-epoll-4 @coroutine#22] o.s.b.w.a.e.AbstractErrorWebExceptionHandler - [e6a4faba-17]  500 Server Error for HTTP GET "/co/boom-late"  []
java.lang.IllegalStateException: co boom late
	at _COROUTINE._BOUNDARY._(CoroutineDebugging.kt:42)
	Suppressed: The stacktrace has been enhanced by Reactor, refer to additional information below: 
Error has been observed at the following site(s):
	*__checkpoint ⇢ eu.inqudium.limesium.reactive.logging.CoRequestLoggingWebFilter@314b0d53
	*__checkpoint ⇢ HTTP GET "/co/boom-late" [ExceptionHandlingWebHandler]
Original Stack Trace:
		at _COROUTINE._BOUNDARY._(CoroutineDebugging.kt:42)
		at eu.inqudium.limesium.reactive.logging.CoRequestLoggingWebFilter$filter$2.invokeSuspend(CoRequestLoggingWebFilter.kt:82)
		at eu.inqudium.limesium.reactive.logging.CoRequestLoggingWebFilter.filter(CoRequestLoggingWebFilter.kt:81)
		at org.springframework.web.server.CoWebFilter$filter$1.invokeSuspend(CoWebFilter.kt:40)
Caused by: java.lang.IllegalStateException: co boom late
	at eu.inqudium.limesium.reactive.logging.CoRequestLoggingWebFilterCoroutineIntegrationTest$CoController.boomLate$suspendImpl(CoRequestLoggingWebFilterCoroutineIntegrationTest.kt:324)
	Suppressed: The stacktrace has been enhanced by Reactor, refer to additional information below: 
Error has been observed at the following site(s):
	*__checkpoint ⇢ Handler eu.inqudium.limesium.reactive.logging.CoRequestLoggingWebFilterCoroutineIntegrationTest$CoController#boomLate(Continuation) [DispatcherHandler]
	*__checkpoint ⇢ eu.inqudium.limesium.reactive.logging.CoRequestLoggingWebFilterCoroutineIntegrationTest$ItApp$lateCommitActionFilter$1@2e0d6270
Original Stack Trace:
		at eu.inqudium.limesium.reactive.logging.CoRequestLoggingWebFilterCoroutineIntegrationTest$CoController.boomLate$suspendImpl(CoRequestLoggingWebFilterCoroutineIntegrationTest.kt:324)
		at eu.inqudium.limesium.reactive.logging.CoRequestLoggingWebFilterCoroutineIntegrationTest$CoController.boomLate(CoRequestLoggingWebFilterCoroutineIntegrationTest.kt)
		at java.base/jdk.internal.reflect.DirectMethodHandleAccessor.invoke(DirectMethodHandleAccessor.java:104)
		at java.base/java.lang.reflect.Method.invoke(Method.java:565)
		at kotlin.reflect.jvm.internal.calls.CallerImpl$Method.callMethod(CallerImpl.kt:90)
		at kotlin.reflect.jvm.internal.calls.CallerImpl$Method$Instance.call(CallerImpl.kt:106)
		at kotlin.reflect.jvm.internal.ReflectKCallableKt.callDefaultMethod(ReflectKCallable.kt:165)
		at kotlin.reflect.full.KCallables.callSuspendBy(KCallables.kt:82)
		at org.springframework.core.CoroutinesUtils.lambda$invokeSuspendingFunction$1(CoroutinesUtils.java:149)
		at kotlin.coroutines.intrinsics.IntrinsicsKt__IntrinsicsJvmKt$createCoroutineUnintercepted$$inlined$createCoroutineFromSuspendFunction$IntrinsicsKt__IntrinsicsJvmKt$4.invokeSuspend(IntrinsicsJvm.kt:271)
		at kotlin.coroutines.jvm.internal.BaseContinuationImpl.resumeWith(ContinuationImpl.kt:34)
		at kotlinx.coroutines.DispatchedTask.run(DispatchedTask.kt:100)
		at kotlinx.coroutines.EventLoop.processUnconfinedEvent(EventLoop.common.kt:65)
		at kotlinx.coroutines.internal.DispatchedContinuationKt.resumeCancellableWithInternal(DispatchedContinuation.kt:392)
		at kotlinx.coroutines.intrinsics.CancellableKt.startCoroutineCancellable(Cancellable.kt:26)
		at kotlinx.coroutines.CoroutineStart.invoke(CoroutineStart.kt:358)
		at kotlinx.coroutines.AbstractCoroutine.start(AbstractCoroutine.kt:134)
		at kotlinx.coroutines.reactor.MonoKt.monoInternal$lambda$0(Mono.kt:88)
		at reactor.core.publisher.MonoCreate.subscribe(MonoCreate.java:61)
		at reactor.core.publisher.Mono.subscribe(Mono.java:4569)
		at reactor.core.publisher.MonoIgnorePublisher.subscribe(MonoIgnorePublisher.java:56)
		at reactor.core.publisher.InternalMonoOperator.subscribe(InternalMonoOperator.java:75)
		at reactor.core.publisher.MonoDefer.subscribe(MonoDefer.java:54)
		at reactor.core.publisher.Mono.subscribe(Mono.java:4569)
		at reactor.core.publisher.MonoIgnoreThen$ThenIgnoreMain.subscribeNext(MonoIgnoreThen.java:268)
		at reactor.core.publisher.MonoIgnoreThen.subscribe(MonoIgnoreThen.java:51)
		at reactor.core.publisher.InternalMonoOperator.subscribe(InternalMonoOperator.java:75)
		at reactor.core.publisher.MonoDeferContextual.subscribe(MonoDeferContextual.java:56)
		at reactor.netty.http.server.HttpServer$HttpServerHandle.onStateChange(HttpServer.java:1378)
		at reactor.netty.ReactorNetty$CompositeConnectionObserver.onStateChange(ReactorNetty.java:736)
		at reactor.netty.transport.ServerTransport$ChildObserver.onStateChange(ServerTransport.java:539)
		at reactor.netty.http.server.HttpServerOperations.handleDefaultHttpRequest(HttpServerOperations.java:898)
		at reactor.netty.http.server.HttpServerOperations.onInboundNext(HttpServerOperations.java:824)
		at reactor.netty.channel.ChannelOperationsHandler.channelRead(ChannelOperationsHandler.java:115)
		at io.netty.channel.AbstractChannelHandlerContext.fireChannelRead(AbstractChannelHandlerContext.java:357)
		at reactor.netty.http.server.HttpTrafficHandler.channelRead(HttpTrafficHandler.java:287)
		at io.netty.channel.AbstractChannelHandlerContext.fireChannelRead(AbstractChannelHandlerContext.java:355)
		at io.netty.channel.CombinedChannelDuplexHandler$DelegatingChannelHandlerContext.fireChannelRead(CombinedChannelDuplexHandler.java:434)
		at io.netty.handler.codec.ByteToMessageDecoder.fireChannelRead(ByteToMessageDecoder.java:361)
		at io.netty.handler.codec.ByteToMessageDecoder.channelRead(ByteToMessageDecoder.java:325)
		at io.netty.channel.CombinedChannelDuplexHandler.channelRead(CombinedChannelDuplexHandler.java:249)
		at io.netty.channel.AbstractChannelHandlerContext.fireChannelRead(AbstractChannelHandlerContext.java:355)
		at io.netty.channel.DefaultChannelPipeline$HeadContext.channelRead(DefaultChannelPipeline.java:1429)
		at io.netty.channel.DefaultChannelPipeline.fireChannelRead(DefaultChannelPipeline.java:918)
		at io.netty.channel.epoll.AbstractEpollStreamChannel$EpollStreamUnsafe.epollInReady(AbstractEpollStreamChannel.java:804)
		at io.netty.channel.epoll.AbstractEpollChannel$AbstractEpollUnsafe.handle(AbstractEpollChannel.java:487)
		at io.netty.channel.epoll.EpollIoHandler$DefaultEpollIoRegistration.handle(EpollIoHandler.java:349)
		at io.netty.channel.epoll.EpollIoHandler.processReady(EpollIoHandler.java:546)
		at io.netty.channel.epoll.EpollIoHandler.run(EpollIoHandler.java:491)
		at io.netty.channel.SingleThreadIoEventLoop.runIo(SingleThreadIoEventLoop.java:225)
		at io.netty.channel.SingleThreadIoEventLoop.run(SingleThreadIoEventLoop.java:196)
		at io.netty.util.concurrent.SingleThreadEventExecutor$5.run(SingleThreadEventExecutor.java:1195)
		at io.netty.util.internal.ThreadExecutorMap$2.run(ThreadExecutorMap.java:74)
		at io.netty.util.concurrent.FastThreadLocalRunnable.run(FastThreadLocalRunnable.java:30)
		at java.base/java.lang.Thread.run(Thread.java:1516)
2026-08-25 21:23:22.345 ERROR [webflux-http-epoll-4 @coroutine#22] http-exchange-coroutine-integration-test - Endpoint http exchange GET /co/boom-late -> 503 [endpoint_request_id=co-generated] endpoint_outcome=failure endpoint_duration_ms=0 endpoint_request_method=GET endpoint_url_path=/co/boom-late endpoint_response_status_code=503 endpoint_url_template=/co/boom-late endpoint_response_headers=[X-Late:"late"] [endpoint_method=GET, endpoint_request_id=co-generated, endpoint_route=/co/boom-late]
java.lang.IllegalStateException: co boom late
	at _COROUTINE._BOUNDARY._(CoroutineDebugging.kt:42)
	Suppressed: The stacktrace has been enhanced by Reactor, refer to additional information below: 
Error has been observed at the following site(s):
	*__checkpoint ⇢ eu.inqudium.limesium.reactive.logging.CoRequestLoggingWebFilter@314b0d53
	*__checkpoint ⇢ HTTP GET "/co/boom-late" [ExceptionHandlingWebHandler]
Original Stack Trace:
		at _COROUTINE._BOUNDARY._(CoroutineDebugging.kt:42)
		at eu.inqudium.limesium.reactive.logging.CoRequestLoggingWebFilter$filter$2.invokeSuspend(CoRequestLoggingWebFilter.kt:82)
		at eu.inqudium.limesium.reactive.logging.CoRequestLoggingWebFilter.filter(CoRequestLoggingWebFilter.kt:81)
		at org.springframework.web.server.CoWebFilter$filter$1.invokeSuspend(CoWebFilter.kt:40)
Caused by: java.lang.IllegalStateException: co boom late
	at eu.inqudium.limesium.reactive.logging.CoRequestLoggingWebFilterCoroutineIntegrationTest$CoController.boomLate$suspendImpl(CoRequestLoggingWebFilterCoroutineIntegrationTest.kt:324)
	Suppressed: The stacktrace has been enhanced by Reactor, refer to additional information below: 
Error has been observed at the following site(s):
	*__checkpoint ⇢ Handler eu.inqudium.limesium.reactive.logging.CoRequestLoggingWebFilterCoroutineIntegrationTest$CoController#boomLate(Continuation) [DispatcherHandler]
	*__checkpoint ⇢ eu.inqudium.limesium.reactive.logging.CoRequestLoggingWebFilterCoroutineIntegrationTest$ItApp$lateCommitActionFilter$1@2e0d6270
Original Stack Trace:
		at eu.inqudium.limesium.reactive.logging.CoRequestLoggingWebFilterCoroutineIntegrationTest$CoController.boomLate$suspendImpl(CoRequestLoggingWebFilterCoroutineIntegrationTest.kt:324)
		at eu.inqudium.limesium.reactive.logging.CoRequestLoggingWebFilterCoroutineIntegrationTest$CoController.boomLate(CoRequestLoggingWebFilterCoroutineIntegrationTest.kt)
		at java.base/jdk.internal.reflect.DirectMethodHandleAccessor.invoke(DirectMethodHandleAccessor.java:104)
		at java.base/java.lang.reflect.Method.invoke(Method.java:565)
		at kotlin.reflect.jvm.internal.calls.CallerImpl$Method.callMethod(CallerImpl.kt:90)
		at kotlin.reflect.jvm.internal.calls.CallerImpl$Method$Instance.call(CallerImpl.kt:106)
		at kotlin.reflect.jvm.internal.ReflectKCallableKt.callDefaultMethod(ReflectKCallable.kt:165)
		at kotlin.reflect.full.KCallables.callSuspendBy(KCallables.kt:82)
		at org.springframework.core.CoroutinesUtils.lambda$invokeSuspendingFunction$1(CoroutinesUtils.java:149)
		at kotlin.coroutines.intrinsics.IntrinsicsKt__IntrinsicsJvmKt$createCoroutineUnintercepted$$inlined$createCoroutineFromSuspendFunction$IntrinsicsKt__IntrinsicsJvmKt$4.invokeSuspend(IntrinsicsJvm.kt:271)
		at kotlin.coroutines.jvm.internal.BaseContinuationImpl.resumeWith(ContinuationImpl.kt:34)
		at kotlinx.coroutines.DispatchedTask.run(DispatchedTask.kt:100)
		at kotlinx.coroutines.EventLoop.processUnconfinedEvent(EventLoop.common.kt:65)
		at kotlinx.coroutines.internal.DispatchedContinuationKt.resumeCancellableWithInternal(DispatchedContinuation.kt:392)
		at kotlinx.coroutines.intrinsics.CancellableKt.startCoroutineCancellable(Cancellable.kt:26)
		at kotlinx.coroutines.CoroutineStart.invoke(CoroutineStart.kt:358)
		at kotlinx.coroutines.AbstractCoroutine.start(AbstractCoroutine.kt:134)
		at kotlinx.coroutines.reactor.MonoKt.monoInternal$lambda$0(Mono.kt:88)
		at reactor.core.publisher.MonoCreate.subscribe(MonoCreate.java:61)
		at reactor.core.publisher.Mono.subscribe(Mono.java:4569)
		at reactor.core.publisher.MonoIgnorePublisher.subscribe(MonoIgnorePublisher.java:56)
		at reactor.core.publisher.InternalMonoOperator.subscribe(InternalMonoOperator.java:75)
		at reactor.core.publisher.MonoDefer.subscribe(MonoDefer.java:54)
		at reactor.core.publisher.Mono.subscribe(Mono.java:4569)
		at reactor.core.publisher.MonoIgnoreThen$ThenIgnoreMain.subscribeNext(MonoIgnoreThen.java:268)
		at reactor.core.publisher.MonoIgnoreThen.subscribe(MonoIgnoreThen.java:51)
		at reactor.core.publisher.InternalMonoOperator.subscribe(InternalMonoOperator.java:75)
		at reactor.core.publisher.MonoDeferContextual.subscribe(MonoDeferContextual.java:56)
		at reactor.netty.http.server.HttpServer$HttpServerHandle.onStateChange(HttpServer.java:1378)
		at reactor.netty.ReactorNetty$CompositeConnectionObserver.onStateChange(ReactorNetty.java:736)
		at reactor.netty.transport.ServerTransport$ChildObserver.onStateChange(ServerTransport.java:539)
		at reactor.netty.http.server.HttpServerOperations.handleDefaultHttpRequest(HttpServerOperations.java:898)
		at reactor.netty.http.server.HttpServerOperations.onInboundNext(HttpServerOperations.java:824)
		at reactor.netty.channel.ChannelOperationsHandler.channelRead(ChannelOperationsHandler.java:115)
		at io.netty.channel.AbstractChannelHandlerContext.fireChannelRead(AbstractChannelHandlerContext.java:357)
		at reactor.netty.http.server.HttpTrafficHandler.channelRead(HttpTrafficHandler.java:287)
		at io.netty.channel.AbstractChannelHandlerContext.fireChannelRead(AbstractChannelHandlerContext.java:355)
		at io.netty.channel.CombinedChannelDuplexHandler$DelegatingChannelHandlerContext.fireChannelRead(CombinedChannelDuplexHandler.java:434)
		at io.netty.handler.codec.ByteToMessageDecoder.fireChannelRead(ByteToMessageDecoder.java:361)
		at io.netty.handler.codec.ByteToMessageDecoder.channelRead(ByteToMessageDecoder.java:325)
		at io.netty.channel.CombinedChannelDuplexHandler.channelRead(CombinedChannelDuplexHandler.java:249)
		at io.netty.channel.AbstractChannelHandlerContext.fireChannelRead(AbstractChannelHandlerContext.java:355)
		at io.netty.channel.DefaultChannelPipeline$HeadContext.channelRead(DefaultChannelPipeline.java:1429)
		at io.netty.channel.DefaultChannelPipeline.fireChannelRead(DefaultChannelPipeline.java:918)
		at io.netty.channel.epoll.AbstractEpollStreamChannel$EpollStreamUnsafe.epollInReady(AbstractEpollStreamChannel.java:804)
		at io.netty.channel.epoll.AbstractEpollChannel$AbstractEpollUnsafe.handle(AbstractEpollChannel.java:487)
		at io.netty.channel.epoll.EpollIoHandler$DefaultEpollIoRegistration.handle(EpollIoHandler.java:349)
		at io.netty.channel.epoll.EpollIoHandler.processReady(EpollIoHandler.java:546)
		at io.netty.channel.epoll.EpollIoHandler.run(EpollIoHandler.java:491)
		at io.netty.channel.SingleThreadIoEventLoop.runIo(SingleThreadIoEventLoop.java:225)
		at io.netty.channel.SingleThreadIoEventLoop.run(SingleThreadIoEventLoop.java:196)
		at io.netty.util.concurrent.SingleThreadEventExecutor$5.run(SingleThreadEventExecutor.java:1195)
		at io.netty.util.internal.ThreadExecutorMap$2.run(ThreadExecutorMap.java:74)
		at io.netty.util.concurrent.FastThreadLocalRunnable.run(FastThreadLocalRunnable.java:30)
		at java.base/java.lang.Thread.run(Thread.java:1516)
]]></system-out>
  </testcase>
  <testcase name="should log the rendered 500 via the commit-deferred emission when a suspend handler throws" classname="eu.inqudium.limesium.reactive.logging.CoRequestLoggingWebFilterCoroutineIntegrationTest" time="0.037">
    <system-out><![CDATA[2026-08-25 21:23:22.382 WARN  [webflux-http-epoll-5 @coroutine#24] e.i.l.r.l.RequestLoggingWebFilter - Endpoint http exchange failed: GET /co/boom - java.lang.IllegalStateException: co boom [endpoint_request_id=co-corr-boom]  []
2026-08-25 21:23:22.383 ERROR [webflux-http-epoll-5 @coroutine#24] o.s.b.w.a.e.AbstractErrorWebExceptionHandler - [03e84d20-18]  500 Server Error for HTTP GET "/co/boom"  []
java.lang.IllegalStateException: co boom
	at _COROUTINE._BOUNDARY._(CoroutineDebugging.kt:42)
	Suppressed: The stacktrace has been enhanced by Reactor, refer to additional information below: 
Error has been observed at the following site(s):
	*__checkpoint ⇢ eu.inqudium.limesium.reactive.logging.CoRequestLoggingWebFilter@314b0d53
	*__checkpoint ⇢ HTTP GET "/co/boom" [ExceptionHandlingWebHandler]
Original Stack Trace:
		at _COROUTINE._BOUNDARY._(CoroutineDebugging.kt:42)
		at eu.inqudium.limesium.reactive.logging.CoRequestLoggingWebFilter$filter$2.invokeSuspend(CoRequestLoggingWebFilter.kt:82)
		at eu.inqudium.limesium.reactive.logging.CoRequestLoggingWebFilter.filter(CoRequestLoggingWebFilter.kt:81)
		at org.springframework.web.server.CoWebFilter$filter$1.invokeSuspend(CoWebFilter.kt:40)
Caused by: java.lang.IllegalStateException: co boom
	at eu.inqudium.limesium.reactive.logging.CoRequestLoggingWebFilterCoroutineIntegrationTest$CoController.boom$suspendImpl(CoRequestLoggingWebFilterCoroutineIntegrationTest.kt:321)
	Suppressed: The stacktrace has been enhanced by Reactor, refer to additional information below: 
Error has been observed at the following site(s):
	*__checkpoint ⇢ Handler eu.inqudium.limesium.reactive.logging.CoRequestLoggingWebFilterCoroutineIntegrationTest$CoController#boom(Continuation) [DispatcherHandler]
	*__checkpoint ⇢ eu.inqudium.limesium.reactive.logging.CoRequestLoggingWebFilterCoroutineIntegrationTest$ItApp$lateCommitActionFilter$1@2e0d6270
Original Stack Trace:
		at eu.inqudium.limesium.reactive.logging.CoRequestLoggingWebFilterCoroutineIntegrationTest$CoController.boom$suspendImpl(CoRequestLoggingWebFilterCoroutineIntegrationTest.kt:321)
		at eu.inqudium.limesium.reactive.logging.CoRequestLoggingWebFilterCoroutineIntegrationTest$CoController.boom(CoRequestLoggingWebFilterCoroutineIntegrationTest.kt)
		at java.base/jdk.internal.reflect.DirectMethodHandleAccessor.invoke(DirectMethodHandleAccessor.java:104)
		at java.base/java.lang.reflect.Method.invoke(Method.java:565)
		at kotlin.reflect.jvm.internal.calls.CallerImpl$Method.callMethod(CallerImpl.kt:90)
		at kotlin.reflect.jvm.internal.calls.CallerImpl$Method$Instance.call(CallerImpl.kt:106)
		at kotlin.reflect.jvm.internal.ReflectKCallableKt.callDefaultMethod(ReflectKCallable.kt:165)
		at kotlin.reflect.full.KCallables.callSuspendBy(KCallables.kt:82)
		at org.springframework.core.CoroutinesUtils.lambda$invokeSuspendingFunction$1(CoroutinesUtils.java:149)
		at kotlin.coroutines.intrinsics.IntrinsicsKt__IntrinsicsJvmKt$createCoroutineUnintercepted$$inlined$createCoroutineFromSuspendFunction$IntrinsicsKt__IntrinsicsJvmKt$4.invokeSuspend(IntrinsicsJvm.kt:271)
		at kotlin.coroutines.jvm.internal.BaseContinuationImpl.resumeWith(ContinuationImpl.kt:34)
		at kotlinx.coroutines.DispatchedTask.run(DispatchedTask.kt:100)
		at kotlinx.coroutines.EventLoop.processUnconfinedEvent(EventLoop.common.kt:65)
		at kotlinx.coroutines.internal.DispatchedContinuationKt.resumeCancellableWithInternal(DispatchedContinuation.kt:392)
		at kotlinx.coroutines.intrinsics.CancellableKt.startCoroutineCancellable(Cancellable.kt:26)
		at kotlinx.coroutines.CoroutineStart.invoke(CoroutineStart.kt:358)
		at kotlinx.coroutines.AbstractCoroutine.start(AbstractCoroutine.kt:134)
		at kotlinx.coroutines.reactor.MonoKt.monoInternal$lambda$0(Mono.kt:88)
		at reactor.core.publisher.MonoCreate.subscribe(MonoCreate.java:61)
		at reactor.core.publisher.Mono.subscribe(Mono.java:4569)
		at reactor.core.publisher.MonoIgnorePublisher.subscribe(MonoIgnorePublisher.java:56)
		at reactor.core.publisher.InternalMonoOperator.subscribe(InternalMonoOperator.java:75)
		at reactor.core.publisher.MonoDefer.subscribe(MonoDefer.java:54)
		at reactor.core.publisher.Mono.subscribe(Mono.java:4569)
		at reactor.core.publisher.MonoIgnoreThen$ThenIgnoreMain.subscribeNext(MonoIgnoreThen.java:268)
		at reactor.core.publisher.MonoIgnoreThen.subscribe(MonoIgnoreThen.java:51)
		at reactor.core.publisher.InternalMonoOperator.subscribe(InternalMonoOperator.java:75)
		at reactor.core.publisher.MonoDeferContextual.subscribe(MonoDeferContextual.java:56)
		at reactor.netty.http.server.HttpServer$HttpServerHandle.onStateChange(HttpServer.java:1378)
		at reactor.netty.ReactorNetty$CompositeConnectionObserver.onStateChange(ReactorNetty.java:736)
		at reactor.netty.transport.ServerTransport$ChildObserver.onStateChange(ServerTransport.java:539)
		at reactor.netty.http.server.HttpServerOperations.handleDefaultHttpRequest(HttpServerOperations.java:898)
		at reactor.netty.http.server.HttpServerOperations.onInboundNext(HttpServerOperations.java:824)
		at reactor.netty.channel.ChannelOperationsHandler.channelRead(ChannelOperationsHandler.java:115)
		at io.netty.channel.AbstractChannelHandlerContext.fireChannelRead(AbstractChannelHandlerContext.java:357)
		at reactor.netty.http.server.HttpTrafficHandler.channelRead(HttpTrafficHandler.java:287)
		at io.netty.channel.AbstractChannelHandlerContext.fireChannelRead(AbstractChannelHandlerContext.java:355)
		at io.netty.channel.CombinedChannelDuplexHandler$DelegatingChannelHandlerContext.fireChannelRead(CombinedChannelDuplexHandler.java:434)
		at io.netty.handler.codec.ByteToMessageDecoder.fireChannelRead(ByteToMessageDecoder.java:361)
		at io.netty.handler.codec.ByteToMessageDecoder.channelRead(ByteToMessageDecoder.java:325)
		at io.netty.channel.CombinedChannelDuplexHandler.channelRead(CombinedChannelDuplexHandler.java:249)
		at io.netty.channel.AbstractChannelHandlerContext.fireChannelRead(AbstractChannelHandlerContext.java:355)
		at io.netty.channel.DefaultChannelPipeline$HeadContext.channelRead(DefaultChannelPipeline.java:1429)
		at io.netty.channel.DefaultChannelPipeline.fireChannelRead(DefaultChannelPipeline.java:918)
		at io.netty.channel.epoll.AbstractEpollStreamChannel$EpollStreamUnsafe.epollInReady(AbstractEpollStreamChannel.java:804)
		at io.netty.channel.epoll.AbstractEpollChannel$AbstractEpollUnsafe.handle(AbstractEpollChannel.java:487)
		at io.netty.channel.epoll.EpollIoHandler$DefaultEpollIoRegistration.handle(EpollIoHandler.java:349)
		at io.netty.channel.epoll.EpollIoHandler.processReady(EpollIoHandler.java:546)
		at io.netty.channel.epoll.EpollIoHandler.run(EpollIoHandler.java:491)
		at io.netty.channel.SingleThreadIoEventLoop.runIo(SingleThreadIoEventLoop.java:225)
		at io.netty.channel.SingleThreadIoEventLoop.run(SingleThreadIoEventLoop.java:196)
		at io.netty.util.concurrent.SingleThreadEventExecutor$5.run(SingleThreadEventExecutor.java:1195)
		at io.netty.util.internal.ThreadExecutorMap$2.run(ThreadExecutorMap.java:74)
		at io.netty.util.concurrent.FastThreadLocalRunnable.run(FastThreadLocalRunnable.java:30)
		at java.base/java.lang.Thread.run(Thread.java:1516)
2026-08-25 21:23:22.385 ERROR [webflux-http-epoll-5 @coroutine#24] http-exchange-coroutine-integration-test - Endpoint http exchange GET /co/boom -> 500 [endpoint_request_id=co-corr-boom] endpoint_outcome=failure endpoint_duration_ms=0 endpoint_request_method=GET endpoint_url_path=/co/boom endpoint_response_status_code=500 endpoint_url_template=/co/boom [endpoint_method=GET, endpoint_request_id=co-corr-boom, endpoint_route=/co/boom]
java.lang.IllegalStateException: co boom
	at _COROUTINE._BOUNDARY._(CoroutineDebugging.kt:42)
	Suppressed: The stacktrace has been enhanced by Reactor, refer to additional information below: 
Error has been observed at the following site(s):
	*__checkpoint ⇢ eu.inqudium.limesium.reactive.logging.CoRequestLoggingWebFilter@314b0d53
	*__checkpoint ⇢ HTTP GET "/co/boom" [ExceptionHandlingWebHandler]
Original Stack Trace:
		at _COROUTINE._BOUNDARY._(CoroutineDebugging.kt:42)
		at eu.inqudium.limesium.reactive.logging.CoRequestLoggingWebFilter$filter$2.invokeSuspend(CoRequestLoggingWebFilter.kt:82)
		at eu.inqudium.limesium.reactive.logging.CoRequestLoggingWebFilter.filter(CoRequestLoggingWebFilter.kt:81)
		at org.springframework.web.server.CoWebFilter$filter$1.invokeSuspend(CoWebFilter.kt:40)
Caused by: java.lang.IllegalStateException: co boom
	at eu.inqudium.limesium.reactive.logging.CoRequestLoggingWebFilterCoroutineIntegrationTest$CoController.boom$suspendImpl(CoRequestLoggingWebFilterCoroutineIntegrationTest.kt:321)
	Suppressed: The stacktrace has been enhanced by Reactor, refer to additional information below: 
Error has been observed at the following site(s):
	*__checkpoint ⇢ Handler eu.inqudium.limesium.reactive.logging.CoRequestLoggingWebFilterCoroutineIntegrationTest$CoController#boom(Continuation) [DispatcherHandler]
	*__checkpoint ⇢ eu.inqudium.limesium.reactive.logging.CoRequestLoggingWebFilterCoroutineIntegrationTest$ItApp$lateCommitActionFilter$1@2e0d6270
Original Stack Trace:
		at eu.inqudium.limesium.reactive.logging.CoRequestLoggingWebFilterCoroutineIntegrationTest$CoController.boom$suspendImpl(CoRequestLoggingWebFilterCoroutineIntegrationTest.kt:321)
		at eu.inqudium.limesium.reactive.logging.CoRequestLoggingWebFilterCoroutineIntegrationTest$CoController.boom(CoRequestLoggingWebFilterCoroutineIntegrationTest.kt)
		at java.base/jdk.internal.reflect.DirectMethodHandleAccessor.invoke(DirectMethodHandleAccessor.java:104)
		at java.base/java.lang.reflect.Method.invoke(Method.java:565)
		at kotlin.reflect.jvm.internal.calls.CallerImpl$Method.callMethod(CallerImpl.kt:90)
		at kotlin.reflect.jvm.internal.calls.CallerImpl$Method$Instance.call(CallerImpl.kt:106)
		at kotlin.reflect.jvm.internal.ReflectKCallableKt.callDefaultMethod(ReflectKCallable.kt:165)
		at kotlin.reflect.full.KCallables.callSuspendBy(KCallables.kt:82)
		at org.springframework.core.CoroutinesUtils.lambda$invokeSuspendingFunction$1(CoroutinesUtils.java:149)
		at kotlin.coroutines.intrinsics.IntrinsicsKt__IntrinsicsJvmKt$createCoroutineUnintercepted$$inlined$createCoroutineFromSuspendFunction$IntrinsicsKt__IntrinsicsJvmKt$4.invokeSuspend(IntrinsicsJvm.kt:271)
		at kotlin.coroutines.jvm.internal.BaseContinuationImpl.resumeWith(ContinuationImpl.kt:34)
		at kotlinx.coroutines.DispatchedTask.run(DispatchedTask.kt:100)
		at kotlinx.coroutines.EventLoop.processUnconfinedEvent(EventLoop.common.kt:65)
		at kotlinx.coroutines.internal.DispatchedContinuationKt.resumeCancellableWithInternal(DispatchedContinuation.kt:392)
		at kotlinx.coroutines.intrinsics.CancellableKt.startCoroutineCancellable(Cancellable.kt:26)
		at kotlinx.coroutines.CoroutineStart.invoke(CoroutineStart.kt:358)
		at kotlinx.coroutines.AbstractCoroutine.start(AbstractCoroutine.kt:134)
		at kotlinx.coroutines.reactor.MonoKt.monoInternal$lambda$0(Mono.kt:88)
		at reactor.core.publisher.MonoCreate.subscribe(MonoCreate.java:61)
		at reactor.core.publisher.Mono.subscribe(Mono.java:4569)
		at reactor.core.publisher.MonoIgnorePublisher.subscribe(MonoIgnorePublisher.java:56)
		at reactor.core.publisher.InternalMonoOperator.subscribe(InternalMonoOperator.java:75)
		at reactor.core.publisher.MonoDefer.subscribe(MonoDefer.java:54)
		at reactor.core.publisher.Mono.subscribe(Mono.java:4569)
		at reactor.core.publisher.MonoIgnoreThen$ThenIgnoreMain.subscribeNext(MonoIgnoreThen.java:268)
		at reactor.core.publisher.MonoIgnoreThen.subscribe(MonoIgnoreThen.java:51)
		at reactor.core.publisher.InternalMonoOperator.subscribe(InternalMonoOperator.java:75)
		at reactor.core.publisher.MonoDeferContextual.subscribe(MonoDeferContextual.java:56)
		at reactor.netty.http.server.HttpServer$HttpServerHandle.onStateChange(HttpServer.java:1378)
		at reactor.netty.ReactorNetty$CompositeConnectionObserver.onStateChange(ReactorNetty.java:736)
		at reactor.netty.transport.ServerTransport$ChildObserver.onStateChange(ServerTransport.java:539)
		at reactor.netty.http.server.HttpServerOperations.handleDefaultHttpRequest(HttpServerOperations.java:898)
		at reactor.netty.http.server.HttpServerOperations.onInboundNext(HttpServerOperations.java:824)
		at reactor.netty.channel.ChannelOperationsHandler.channelRead(ChannelOperationsHandler.java:115)
		at io.netty.channel.AbstractChannelHandlerContext.fireChannelRead(AbstractChannelHandlerContext.java:357)
		at reactor.netty.http.server.HttpTrafficHandler.channelRead(HttpTrafficHandler.java:287)
		at io.netty.channel.AbstractChannelHandlerContext.fireChannelRead(AbstractChannelHandlerContext.java:355)
		at io.netty.channel.CombinedChannelDuplexHandler$DelegatingChannelHandlerContext.fireChannelRead(CombinedChannelDuplexHandler.java:434)
		at io.netty.handler.codec.ByteToMessageDecoder.fireChannelRead(ByteToMessageDecoder.java:361)
		at io.netty.handler.codec.ByteToMessageDecoder.channelRead(ByteToMessageDecoder.java:325)
		at io.netty.channel.CombinedChannelDuplexHandler.channelRead(CombinedChannelDuplexHandler.java:249)
		at io.netty.channel.AbstractChannelHandlerContext.fireChannelRead(AbstractChannelHandlerContext.java:355)
		at io.netty.channel.DefaultChannelPipeline$HeadContext.channelRead(DefaultChannelPipeline.java:1429)
		at io.netty.channel.DefaultChannelPipeline.fireChannelRead(DefaultChannelPipeline.java:918)
		at io.netty.channel.epoll.AbstractEpollStreamChannel$EpollStreamUnsafe.epollInReady(AbstractEpollStreamChannel.java:804)
		at io.netty.channel.epoll.AbstractEpollChannel$AbstractEpollUnsafe.handle(AbstractEpollChannel.java:487)
		at io.netty.channel.epoll.EpollIoHandler$DefaultEpollIoRegistration.handle(EpollIoHandler.java:349)
		at io.netty.channel.epoll.EpollIoHandler.processReady(EpollIoHandler.java:546)
		at io.netty.channel.epoll.EpollIoHandler.run(EpollIoHandler.java:491)
		at io.netty.channel.SingleThreadIoEventLoop.runIo(SingleThreadIoEventLoop.java:225)
		at io.netty.channel.SingleThreadIoEventLoop.run(SingleThreadIoEventLoop.java:196)
		at io.netty.util.concurrent.SingleThreadEventExecutor$5.run(SingleThreadEventExecutor.java:1195)
		at io.netty.util.internal.ThreadExecutorMap$2.run(ThreadExecutorMap.java:74)
		at io.netty.util.concurrent.FastThreadLocalRunnable.run(FastThreadLocalRunnable.java:30)
		at java.base/java.lang.Thread.run(Thread.java:1516)
]]></system-out>
  </testcase>
  <testcase name="should log a real round trip with both bodies through a suspend handler" classname="eu.inqudium.limesium.reactive.logging.CoRequestLoggingWebFilterCoroutineIntegrationTest" time="0.012">
    <system-out><![CDATA[2026-08-25 21:23:22.401 INFO  [webflux-http-epoll-6 @coroutine#26] http-exchange-coroutine-integration-test - Endpoint http exchange POST /co/echo -> 200 [endpoint_request_id=co-corr-1] endpoint_outcome=success endpoint_duration_ms=0 endpoint_request_method=POST endpoint_url_path=/co/echo endpoint_response_status_code=200 endpoint_url_template=/co/echo endpoint_request_body=hello coroutine endpoint_response_body=echo:hello coroutine [endpoint_method=POST, endpoint_request_id=co-corr-1, endpoint_route=/co/echo]
]]></system-out>
  </testcase>
  <testcase name="should run the coroutine variant as the single active filter without context-propagation accessors" classname="eu.inqudium.limesium.reactive.logging.CoRequestLoggingWebFilterCoroutineIntegrationTest" time="0.001"/>
</testsuite>